Log for:/home/ewj/.notable/
# timestamp | duration | file | instruction | dir | modtime | etag | size | fileId | status | errorString | http result code | other size | other modtime | X-Request-ID
#=#=#=# Syncrun started 2022-11-24T02:10:44Z
#=#=#=#=# Propagation starts 2022-11-24T02:10:45Z (last step: 423 msec , total: 423 msec) 
2022-11-24T02:10:48Z | attachments/Crystal Desert.jpg | SyncInstruction(CSYNC_INSTRUCTION_NEW) | OCC::SyncFileItem::Up | | 1650885538 | 1ea108a881c36413cced6eee508cb3df | 134328 | 00100863ocrkyej2xnz2 | OCC::SyncFileItem::Success |  | 201 | 0 | 0 | 1ac7852b-2635-49fb-8495-46b230846ba9 | 
2022-11-24T02:10:48Z | attachments/Fionnlagh_01.png | SyncInstruction(CSYNC_INSTRUCTION_NEW) | OCC::SyncFileItem::Up | | 1650885538 | 874903eb2e23095362610b91c31bed5d | 518333 | 00100864ocrkyej2xnz2 | OCC::SyncFileItem::Success |  | 201 | 0 | 0 | 2d066166-46cc-4630-8000-096655d67b8d | 
2022-11-24T02:10:49Z | attachments/Rhemorhaz.jpeg | SyncInstruction(CSYNC_INSTRUCTION_NEW) | OCC::SyncFileItem::Up | | 1650885538 | ec4fdbde5f144224071879a3f23e3b9a | 475258 | 00100865ocrkyej2xnz2 | OCC::SyncFileItem::Success |  | 201 | 0 | 0 | 4dbc2ea5-2cc8-4190-8740-4e130cb3c572 | 
2022-11-24T02:10:49Z | attachments/Fionnlagh_02.png | SyncInstruction(CSYNC_INSTRUCTION_NEW) | OCC::SyncFileItem::Up | | 1650885538 | 4ec3a05e7e95f84de9440449f6b5cc90 | 784574 | 00100866ocrkyej2xnz2 | OCC::SyncFileItem::Success |  | 201 | 0 | 0 | 1316923b-bc1a-47c7-a477-9a322f9b8aab | 
2022-11-24T02:10:50Z | attachments/Food Pictures/Corn Salad 01.jpg | SyncInstruction(CSYNC_INSTRUCTION_NEW) | OCC::SyncFileItem::Up | | 1650885538 | 385fc572f50cbd9714b9b77f615884bc | 2192818 | 00100867ocrkyej2xnz2 | OCC::SyncFileItem::Success |  | 201 | 0 | 0 | 65cd7b41-2333-42fb-ae27-58459dc0b358 | 
2022-11-24T02:10:50Z | attachments/Vyth.png | SyncInstruction(CSYNC_INSTRUCTION_NEW) | OCC::SyncFileItem::Up | | 1650885538 | 4cdf9198ee1bb6519e8f67693235f800 | 213556 | 00100868ocrkyej2xnz2 | OCC::SyncFileItem::Success |  | 201 | 0 | 0 | 95b7c3db-8077-4209-8009-fea352ae6c8c | 
2022-11-24T02:10:51Z | config/sorting.json | SyncInstruction(CSYNC_INSTRUCTION_NEW) | OCC::SyncFileItem::Up | | 1650885538 | 48aad0df89afcee9470d7e4091f07b04 | 198 | 00100869ocrkyej2xnz2 | OCC::SyncFileItem::Success |  | 201 | 0 | 0 | 8f68d9ba-55d8-49df-87d9-ad931e1500e9 | 
2022-11-24T02:10:46Z | config | SyncInstruction(CSYNC_INSTRUCTION_NEW) | OCC::SyncFileItem::Up | | 1661967751 |  | 4096 | 00100860ocrkyej2xnz2 | OCC::SyncFileItem::Success |  | 201 | 0 | 0 | 60d6bbb0-21a5-4369-ba1b-806aa48b3245 | 
2022-11-24T02:10:51Z | bin/render | SyncInstruction(CSYNC_INSTRUCTION_NEW) | OCC::SyncFileItem::Up | | 1650885538 | 021378e38f6f3b4b10520cf79c05a2e9 | 1385 | 00100870ocrkyej2xnz2 | OCC::SyncFileItem::Success |  | 201 | 0 | 0 | f69a02fb-b6e1-4f54-993f-f6b352c2914b | 
2022-11-24T02:10:45Z | bin | SyncInstruction(CSYNC_INSTRUCTION_NEW) | OCC::SyncFileItem::Up | | 1661967751 |  | 4096 | 00100857ocrkyej2xnz2 | OCC::SyncFileItem::Success |  | 201 | 0 | 0 | e1b27388-686a-4082-9436-e26c353e1c41 | 
2022-11-24T02:10:51Z | attachments/Food Pictures/French Onion Soup Au Gratin 01.jpg | SyncInstruction(CSYNC_INSTRUCTION_NEW) | OCC::SyncFileItem::Up | | 1650885538 | c9e6d3ac4f2684ad1f8e949a7d44a0d7 | 1246282 | 00100871ocrkyej2xnz2 | OCC::SyncFileItem::Success |  | 201 | 0 | 0 | 15129da0-f636-4d9f-8607-5a5f7d664d5c | 
2022-11-24T02:10:47Z | attachments/Food Pictures | SyncInstruction(CSYNC_INSTRUCTION_NEW) | OCC::SyncFileItem::Up | | 1661967751 |  | 4096 | 00100862ocrkyej2xnz2 | OCC::SyncFileItem::Success |  | 201 | 0 | 0 | c8370ae1-a9ea-49c0-bd63-43c4e5261a46 | 
2022-11-24T02:10:45Z | attachments | SyncInstruction(CSYNC_INSTRUCTION_NEW) | OCC::SyncFileItem::Up | | 1661967961 |  | 4096 | 00100856ocrkyej2xnz2 | OCC::SyncFileItem::Success |  | 201 | 0 | 0 | b6dd552f-c465-4b7c-8c41-dbc840cd8ddc | 
2022-11-24T02:10:51Z | notes/Air Fryer Settings.md | SyncInstruction(CSYNC_INSTRUCTION_NEW) | OCC::SyncFileItem::Up | | 1652583912 | 5beb3d1e65dc4a8f0a9a255d7d0885ec | 353 | 00100872ocrkyej2xnz2 | OCC::SyncFileItem::Success |  | 201 | 0 | 0 | 13b93d6b-f674-4349-9c9d-ab7d3b31b4ae | 
2022-11-24T02:10:51Z | notes/Alfred the Ox.md | SyncInstruction(CSYNC_INSTRUCTION_NEW) | OCC::SyncFileItem::Up | | 1650885538 | 88fa2f73aa6f8836a0f6a45435b44e0b | 330 | 00100873ocrkyej2xnz2 | OCC::SyncFileItem::Success |  | 201 | 0 | 0 | a90985d5-e19f-468d-8eef-4b4efc3002d3 | 
2022-11-24T02:10:52Z | notes/Amulet.md | SyncInstruction(CSYNC_INSTRUCTION_NEW) | OCC::SyncFileItem::Up | | 1653467376 | b08a6bd4eef49de2c2a967702bbf0aea | 153 | 00100874ocrkyej2xnz2 | OCC::SyncFileItem::Success |  | 201 | 0 | 0 | 81a3ff78-46dd-469f-be73-d1a00242e0cf | 
2022-11-24T02:10:52Z | notes/Algernon.md | SyncInstruction(CSYNC_INSTRUCTION_NEW) | OCC::SyncFileItem::Up | | 1650885538 | a42f4117a49180bcaa085cc9e5026fb3 | 395 | 00100875ocrkyej2xnz2 | OCC::SyncFileItem::Success |  | 201 | 0 | 0 | 12714283-9a42-48a4-b83a-ad1ebc8629f6 | 
2022-11-24T02:10:52Z | notes/Arcturises Tower.md | SyncInstruction(CSYNC_INSTRUCTION_NEW) | OCC::SyncFileItem::Up | | 1655283262 | 8c01b8f19c5d816db5bd6f366c2dcbb3 | 336 | 00100876ocrkyej2xnz2 | OCC::SyncFileItem::Success |  | 201 | 0 | 0 | 48c8b712-2c59-4a52-9cbf-9d891aeb4654 | 
2022-11-24T02:10:53Z | notes/Arcturis.md | SyncInstruction(CSYNC_INSTRUCTION_NEW) | OCC::SyncFileItem::Up | | 1650885538 | 92a4b0944495a9e0b1f73ed08c220ee0 | 180 | 00100877ocrkyej2xnz2 | OCC::SyncFileItem::Success |  | 201 | 0 | 0 | a0591385-7605-47d4-a0ee-8f95ee248630 | 
2022-11-24T02:10:53Z | notes/Big Tom.md | SyncInstruction(CSYNC_INSTRUCTION_NEW) | OCC::SyncFileItem::Up | | 1650885538 | 9e4256637c3ea79d77f14e71a642e8e2 | 467 | 00100878ocrkyej2xnz2 | OCC::SyncFileItem::Success |  | 201 | 0 | 0 | 7892b65e-e013-4cf2-b577-9549c4821922 | 
2022-11-24T02:10:53Z | notes/Broken Ice Bay.md | SyncInstruction(CSYNC_INSTRUCTION_NEW) | OCC::SyncFileItem::Up | | 1650885538 | a2a2e6303f41a867548b3c84441afc55 | 300 | 00100879ocrkyej2xnz2 | OCC::SyncFileItem::Success |  | 201 | 0 | 0 | 3686857f-a840-438d-99a6-0c13de565602 | 
2022-11-24T02:10:54Z | notes/Corn Salad.md | SyncInstruction(CSYNC_INSTRUCTION_NEW) | OCC::SyncFileItem::Up | | 1650885538 | d1833c3e3dc324022af7b7e887c9aa62 | 856 | 00100880ocrkyej2xnz2 | OCC::SyncFileItem::Success |  | 201 | 0 | 0 | 14e29c9f-2664-4d90-b4aa-b07ab022ed59 | 
2022-11-24T02:10:55Z | notes/Chaos.md | SyncInstruction(CSYNC_INSTRUCTION_NEW) | OCC::SyncFileItem::Up | | 1653472170 | 0700dfd8ed244fa38c9b77dd6a67d0dd | 159 | 00100881ocrkyej2xnz2 | OCC::SyncFileItem::Success |  | 201 | 0 | 0 | f4932bb0-b881-4265-b831-52a703c49a65 | 
2022-11-24T02:10:55Z | notes/Chicken Thighs in Peanut Sauce with Green Beans.md | SyncInstruction(CSYNC_INSTRUCTION_NEW) | OCC::SyncFileItem::Up | | 1667845512 | 56926da01f46f0859a28572ea87fee42 | 912 | 00100882ocrkyej2xnz2 | OCC::SyncFileItem::Success |  | 201 | 0 | 0 | f096c513-8554-4684-98f3-ae9b8219743a | 
2022-11-24T02:10:55Z | notes/Colossus.md | SyncInstruction(CSYNC_INSTRUCTION_NEW) | OCC::SyncFileItem::Up | | 1650885538 | 5f835d751707fbae403d9dde1cc0c5cf | 258 | 00100883ocrkyej2xnz2 | OCC::SyncFileItem::Success |  | 201 | 0 | 0 | e1ba5e22-359d-4661-aaf5-be87efb2f652 | 
2022-11-24T02:10:56Z | notes/Crystal Desert.md | SyncInstruction(CSYNC_INSTRUCTION_NEW) | OCC::SyncFileItem::Up | | 1650885538 | df27bc1b5b38c2655c2aaca7bf64b0ec | 364 | 00100884ocrkyej2xnz2 | OCC::SyncFileItem::Success |  | 201 | 0 | 0 | 293faee4-4445-47d4-baad-631e041eca76 | 
2022-11-24T02:10:56Z | notes/Costaldo.md | SyncInstruction(CSYNC_INSTRUCTION_NEW) | OCC::SyncFileItem::Up | | 1650885538 | 9bc4357004aab666bba60df396a071d2 | 182 | 00100885ocrkyej2xnz2 | OCC::SyncFileItem::Success |  | 201 | 0 | 0 | 0fe3c159-7765-496f-adca-99fd959e82ab | 
2022-11-24T02:10:57Z | notes/Elemental Fundamentals.md | SyncInstruction(CSYNC_INSTRUCTION_NEW) | OCC::SyncFileItem::Up | | 1650885538 | 289f6cde4c8bf0f0a1ccfe9775110511 | 260 | 00100886ocrkyej2xnz2 | OCC::SyncFileItem::Success |  | 201 | 0 | 0 | e1ab3797-adb7-4562-a66b-e1cf8e92b0c5 | 
2022-11-24T02:10:57Z | notes/Dragon Lair.md | SyncInstruction(CSYNC_INSTRUCTION_NEW) | OCC::SyncFileItem::Up | | 1650885538 | 7104d15079be95cf6f5a5b9225a5791f | 212 | 00100887ocrkyej2xnz2 | OCC::SyncFileItem::Success |  | 201 | 0 | 0 | 7ed69cdf-8dcf-4252-a0c0-d3b232f1a599 | 
2022-11-24T02:10:57Z | notes/Daero.md | SyncInstruction(CSYNC_INSTRUCTION_NEW) | OCC::SyncFileItem::Up | | 1650885538 | bc2ad492d66f6c0e2039fbe38a566ec8 | 272 | 00100888ocrkyej2xnz2 | OCC::SyncFileItem::Success |  | 201 | 0 | 0 | 7024e1ca-f3f0-4860-9c7a-3f502c1031de | 
2022-11-24T02:10:57Z | notes/Duerth.md | SyncInstruction(CSYNC_INSTRUCTION_NEW) | OCC::SyncFileItem::Up | | 1650885538 | 6a53e214de85e9cac4d73f116df4a37c | 276 | 00100889ocrkyej2xnz2 | OCC::SyncFileItem::Success |  | 201 | 0 | 0 | b92e0103-0904-46fd-a8b9-eccbfa0be40e | 
2022-11-24T02:10:58Z | notes/Emberhold.md | SyncInstruction(CSYNC_INSTRUCTION_NEW) | OCC::SyncFileItem::Up | | 1650885538 | 8a4a99ae5e27dacb9b88d1c461a00409 | 159 | 00100890ocrkyej2xnz2 | OCC::SyncFileItem::Success |  | 201 | 0 | 0 | 9f2b5dcf-37dd-4745-af8e-edca12389d6e | 
2022-11-24T02:10:58Z | notes/Fionnlagh.md | SyncInstruction(CSYNC_INSTRUCTION_NEW) | OCC::SyncFileItem::Up | | 1656586612 | 3feaa9d53a8668e38201f3eee513476b | 4500 | 00100891ocrkyej2xnz2 | OCC::SyncFileItem::Success |  | 201 | 0 | 0 | 5aa5dc1b-a049-423e-bdf9-3a0b13669789 | 
2022-11-24T02:10:59Z | notes/French Onion Soup Au Gratin.md | SyncInstruction(CSYNC_INSTRUCTION_NEW) | OCC::SyncFileItem::Up | | 1650885538 | 347e6208f61970e9b2d20314eda55a5b | 1561 | 00100892ocrkyej2xnz2 | OCC::SyncFileItem::Success |  | 201 | 0 | 0 | 0e80700d-293d-4f9f-8e3e-72352057ca2b | 
2022-11-24T02:10:59Z | notes/Fuel Core.md | SyncInstruction(CSYNC_INSTRUCTION_NEW) | OCC::SyncFileItem::Up | | 1650885538 | 97a5e167cb96d6193d3f59b8f2a6d76b | 159 | 00100893ocrkyej2xnz2 | OCC::SyncFileItem::Success |  | 201 | 0 | 0 | eebb7609-6638-4904-98f3-2ce296460b62 | 
2022-11-24T02:11:00Z | notes/Gond.md | SyncInstruction(CSYNC_INSTRUCTION_NEW) | OCC::SyncFileItem::Up | | 1650885538 | 290db9576e81733347c43c8f14bf648c | 414 | 00100894ocrkyej2xnz2 | OCC::SyncFileItem::Success |  | 201 | 0 | 0 | af094ca8-1aad-43ee-946a-cfe2f1bad216 | 
2022-11-24T02:11:00Z | notes/Harper.md | SyncInstruction(CSYNC_INSTRUCTION_NEW) | OCC::SyncFileItem::Up | | 1650885538 | 56f5ce627000278bbc2ed1587cb36e71 | 188 | 00100895ocrkyej2xnz2 | OCC::SyncFileItem::Success |  | 201 | 0 | 0 | 9b92f0cf-55fe-4a6a-8d93-c6ed6df1be91 | 
2022-11-24T02:11:00Z | notes/Jar.md | SyncInstruction(CSYNC_INSTRUCTION_NEW) | OCC::SyncFileItem::Up | | 1650885538 | 39a73949a08ebf0b1e04548297c22d2b | 345 | 00100896ocrkyej2xnz2 | OCC::SyncFileItem::Success |  | 201 | 0 | 0 | 32e9bc8a-277b-4500-bb7f-00dd35e76ee6 | 
2022-11-24T02:11:01Z | notes/Helm.md | SyncInstruction(CSYNC_INSTRUCTION_NEW) | OCC::SyncFileItem::Up | | 1650885538 | b2c7d4a53731eaf11f36942f1a9310f4 | 419 | 00100897ocrkyej2xnz2 | OCC::SyncFileItem::Success |  | 201 | 0 | 0 | 88d48b11-9ddf-42b6-828c-307ea0a065f3 | 
2022-11-24T02:11:01Z | notes/Kall.md | SyncInstruction(CSYNC_INSTRUCTION_NEW) | OCC::SyncFileItem::Up | | 1651660780 | 8cf7a8e568b6091e4000a1817ee82aa4 | 320 | 00100898ocrkyej2xnz2 | OCC::SyncFileItem::Success |  | 201 | 0 | 0 | a66f003b-6320-4fc3-a8d3-3845848f0e5a | 
2022-11-24T02:11:02Z | notes/Klothak.md | SyncInstruction(CSYNC_INSTRUCTION_NEW) | OCC::SyncFileItem::Up | | 1655285882 | f6680785bb978b9246b24c29637a23f0 | 180 | 00100899ocrkyej2xnz2 | OCC::SyncFileItem::Success |  | 201 | 0 | 0 | 856148d5-2776-4906-a875-2e91ac28fcc1 | 
2022-11-24T02:11:03Z | notes/Known Weights.md | SyncInstruction(CSYNC_INSTRUCTION_NEW) | OCC::SyncFileItem::Up | | 1650885538 | 6389aaf19b607fab2df9e6941bc9104b | 273 | 00100900ocrkyej2xnz2 | OCC::SyncFileItem::Success |  | 201 | 0 | 0 | 40a86023-6bc7-4427-8513-6ced5a8db04b | 
2022-11-24T02:11:03Z | notes/Kobolds.md | SyncInstruction(CSYNC_INSTRUCTION_NEW) | OCC::SyncFileItem::Up | | 1650885538 | a23012f2939991129c489153e4e23b16 | 487 | 00100901ocrkyej2xnz2 | OCC::SyncFileItem::Success |  | 201 | 0 | 0 | 946c98df-0d1b-4fb3-a2e3-0a5d54e9e3cb | 
2022-11-24T02:11:04Z | notes/Kras.md | SyncInstruction(CSYNC_INSTRUCTION_NEW) | OCC::SyncFileItem::Up | | 1651653396 | c81db56e070d177411b8fe6aa80434bc | 174 | 00100902ocrkyej2xnz2 | OCC::SyncFileItem::Success |  | 201 | 0 | 0 | 680d8feb-5cfe-473f-b329-46d351d9cc08 | 
2022-11-24T02:11:04Z | notes/Koda.md | SyncInstruction(CSYNC_INSTRUCTION_NEW) | OCC::SyncFileItem::Up | | 1650885538 | c1476c42ff6cd6afcfbf549e629f1399 | 324 | 00100903ocrkyej2xnz2 | OCC::SyncFileItem::Success |  | 201 | 0 | 0 | bdd76bd8-b245-4528-ade0-984fc2f732a9 | 
2022-11-24T02:11:04Z | notes/Little Tom.md | SyncInstruction(CSYNC_INSTRUCTION_NEW) | OCC::SyncFileItem::Up | | 1650885538 | dcca9d52999574006e8e9318b52768cd | 307 | 00100904ocrkyej2xnz2 | OCC::SyncFileItem::Success |  | 201 | 0 | 0 | d0bbb9ee-0103-4ae5-b895-9f74927ff103 | 
2022-11-24T02:11:05Z | notes/Mako.md | SyncInstruction(CSYNC_INSTRUCTION_NEW) | OCC::SyncFileItem::Up | | 1653477050 | d2111449242713b4b981f0112991e043 | 162 | 00100905ocrkyej2xnz2 | OCC::SyncFileItem::Success |  | 201 | 0 | 0 | a71756a3-5047-41e2-b1b5-31e3ff814c9a | 
2022-11-24T02:11:06Z | notes/Morn.md | SyncInstruction(CSYNC_INSTRUCTION_NEW) | OCC::SyncFileItem::Up | | 1650885538 | 78085abbc8255406f711669006a4a342 | 333 | 00100906ocrkyej2xnz2 | OCC::SyncFileItem::Success |  | 201 | 0 | 0 | cbaea55d-cc38-4429-8c48-4fdfce5cabb5 | 
2022-11-24T02:11:06Z | notes/Oven Settings.md | SyncInstruction(CSYNC_INSTRUCTION_NEW) | OCC::SyncFileItem::Up | | 1652253008 | 76e3bd68b327751320bd08ff22189e84 | 286 | 00100907ocrkyej2xnz2 | OCC::SyncFileItem::Success |  | 201 | 0 | 0 | a816577c-f900-440d-9eea-a44256dd46cb | 
2022-11-24T02:11:06Z | notes/Penne Salmon.md | SyncInstruction(CSYNC_INSTRUCTION_NEW) | OCC::SyncFileItem::Up | | 1652088670 | 394b7c33f78fd3ee5e6a3545c7f237da | 432 | 00100908ocrkyej2xnz2 | OCC::SyncFileItem::Success |  | 201 | 0 | 0 | 15c4e4a7-1840-40f8-b33b-ed16454d87f7 | 
2022-11-24T02:11:06Z | notes/Pipes of Hounting.md | SyncInstruction(CSYNC_INSTRUCTION_NEW) | OCC::SyncFileItem::Up | | 1653467386 | 23b3810186b19eb94f5d73ec8d8dd481 | 175 | 00100909ocrkyej2xnz2 | OCC::SyncFileItem::Success |  | 201 | 0 | 0 | 8c58d51c-6374-414d-a370-f46406bfcb96 | 
2022-11-24T02:11:07Z | notes/Plesiosaurus.md | SyncInstruction(CSYNC_INSTRUCTION_NEW) | OCC::SyncFileItem::Up | | 1650885538 | f46d9892d6343ff8b66b76fe5314bed4 | 426 | 00100910ocrkyej2xnz2 | OCC::SyncFileItem::Success |  | 201 | 0 | 0 | 75ccaf7c-6fb2-4530-81b3-f5c8e4544c90 | 
2022-11-24T02:11:08Z | notes/Rhemorhaz.md | SyncInstruction(CSYNC_INSTRUCTION_NEW) | OCC::SyncFileItem::Up | | 1650885538 | a2ea61379705705d8a07fb25ee3688a6 | 480 | 00100911ocrkyej2xnz2 | OCC::SyncFileItem::Success |  | 201 | 0 | 0 | 5ccab04c-fe7f-4ee6-b4c4-cb5798f18dd9 | 
2022-11-24T02:11:08Z | notes/Selûne.md | SyncInstruction(CSYNC_INSTRUCTION_NEW) | OCC::SyncFileItem::Up | | 1650885538 | b2384af7850e5bf57cdcef34fb09971e | 540 | 00100912ocrkyej2xnz2 | OCC::SyncFileItem::Success |  | 201 | 0 | 0 | d55be8da-dcf5-4f4f-a4ea-d81468258aff | 
2022-11-24T02:11:09Z | notes/Session 001.md | SyncInstruction(CSYNC_INSTRUCTION_NEW) | OCC::SyncFileItem::Up | | 1650885538 | c0acb8faddf573808ac8db1fc4e1fffe | 3173 | 00100913ocrkyej2xnz2 | OCC::SyncFileItem::Success |  | 201 | 0 | 0 | 204a0779-d651-4350-b832-e6a691c8acdb | 
2022-11-24T02:11:09Z | notes/Session 003.md | SyncInstruction(CSYNC_INSTRUCTION_NEW) | OCC::SyncFileItem::Up | | 1650885538 | ea75fc55476ad450ae143e52e3a29a42 | 2614 | 00100914ocrkyej2xnz2 | OCC::SyncFileItem::Success |  | 201 | 0 | 0 | 1af2307c-c00b-4363-a387-4650d17b232c | 
2022-11-24T02:11:09Z | notes/Session 002.md | SyncInstruction(CSYNC_INSTRUCTION_NEW) | OCC::SyncFileItem::Up | | 1650885538 | 3f84dce68ecf72e06d817569a7b3ed50 | 2655 | 00100915ocrkyej2xnz2 | OCC::SyncFileItem::Success |  | 201 | 0 | 0 | 4c9e3405-1682-46d7-a66d-16aa257c4b20 | 
2022-11-24T02:11:10Z | notes/Session 004.md | SyncInstruction(CSYNC_INSTRUCTION_NEW) | OCC::SyncFileItem::Up | | 1650885538 | 5f3acfa33363edba486e5a08bec128bc | 1775 | 00100916ocrkyej2xnz2 | OCC::SyncFileItem::Success |  | 201 | 0 | 0 | e7c159f4-c334-410b-a642-dec9e4fad6db | 
2022-11-24T02:11:10Z | notes/Session 005.md | SyncInstruction(CSYNC_INSTRUCTION_NEW) | OCC::SyncFileItem::Up | | 1650885538 | 30c2f166f89e6369ca1be48fd1946315 | 1867 | 00100917ocrkyej2xnz2 | OCC::SyncFileItem::Success |  | 201 | 0 | 0 | e15abc7b-491e-4bbe-b728-b154d483ebff | 
2022-11-24T02:11:11Z | notes/Session 007.md | SyncInstruction(CSYNC_INSTRUCTION_NEW) | OCC::SyncFileItem::Up | | 1650885538 | 7c4838d6fd5573422643deb2b0e5f041 | 2979 | 00100918ocrkyej2xnz2 | OCC::SyncFileItem::Success |  | 201 | 0 | 0 | 90f175bf-abaf-4850-98fc-d7268e1a2815 | 
2022-11-24T02:11:11Z | notes/Session 006.md | SyncInstruction(CSYNC_INSTRUCTION_NEW) | OCC::SyncFileItem::Up | | 1650885538 | 5be25e2b83a5fa2d2a81c81df32b8565 | 1123 | 00100919ocrkyej2xnz2 | OCC::SyncFileItem::Success |  | 201 | 0 | 0 | afab644e-1cb5-4ae8-937a-c2726b7eaed4 | 
2022-11-24T02:11:11Z | notes/Session 008.md | SyncInstruction(CSYNC_INSTRUCTION_NEW) | OCC::SyncFileItem::Up | | 1650885538 | 26fd7985cbe6b9f479504e50b5017fa2 | 4434 | 00100920ocrkyej2xnz2 | OCC::SyncFileItem::Success |  | 201 | 0 | 0 | 35f1bb3d-e56a-42b1-a755-9dd92e2f9116 | 
2022-11-24T02:11:11Z | notes/Session 009.md | SyncInstruction(CSYNC_INSTRUCTION_NEW) | OCC::SyncFileItem::Up | | 1650885538 | 897951905ec75afd3dc4bdbcb6f82e07 | 2337 | 00100921ocrkyej2xnz2 | OCC::SyncFileItem::Success |  | 201 | 0 | 0 | d928fa2a-4a36-443d-8157-4035305ccba7 | 
2022-11-24T02:11:12Z | notes/Session 010.md | SyncInstruction(CSYNC_INSTRUCTION_NEW) | OCC::SyncFileItem::Up | | 1650885538 | 613c33c241111582f17e0b25ea7325ca | 2332 | 00100922ocrkyej2xnz2 | OCC::SyncFileItem::Success |  | 201 | 0 | 0 | 356080c4-0516-426b-86b0-4876ec9fe7a3 | 
2022-11-24T02:11:12Z | notes/Session 011.md | SyncInstruction(CSYNC_INSTRUCTION_NEW) | OCC::SyncFileItem::Up | | 1650885538 | 067f787e15bfe08bb50e88eb7c2733cb | 1597 | 00100923ocrkyej2xnz2 | OCC::SyncFileItem::Success |  | 201 | 0 | 0 | 2cba050a-7456-4cbe-bf4d-8d4d7c3d2cfd | 
2022-11-24T02:11:12Z | notes/Session 012.md | SyncInstruction(CSYNC_INSTRUCTION_NEW) | OCC::SyncFileItem::Up | | 1650885538 | 9ca890641d9bc2eb10963dcbb401fe09 | 1105 | 00100924ocrkyej2xnz2 | OCC::SyncFileItem::Success |  | 201 | 0 | 0 | 5e8d52d1-b1d4-4509-ba23-32eb63fac15a | 
2022-11-24T02:11:13Z | notes/Session 013.md | SyncInstruction(CSYNC_INSTRUCTION_NEW) | OCC::SyncFileItem::Up | | 1650885538 | beb74929bc03a27148825244a528f4b4 | 1974 | 00100925ocrkyej2xnz2 | OCC::SyncFileItem::Success |  | 201 | 0 | 0 | a2e77d72-bbb4-4ff2-a924-ecd9e7b2c6b7 | 
2022-11-24T02:11:13Z | notes/Session 014.md | SyncInstruction(CSYNC_INSTRUCTION_NEW) | OCC::SyncFileItem::Up | | 1650885538 | 519bf9749c410696b5928a41ed531c86 | 1470 | 00100926ocrkyej2xnz2 | OCC::SyncFileItem::Success |  | 201 | 0 | 0 | f552de09-4a45-48e3-87e8-0aac3fe195bc | 
2022-11-24T02:11:14Z | notes/Session 015.md | SyncInstruction(CSYNC_INSTRUCTION_NEW) | OCC::SyncFileItem::Up | | 1650885538 | 5e5c2473009198ee079551762e075c52 | 1374 | 00100927ocrkyej2xnz2 | OCC::SyncFileItem::Success |  | 201 | 0 | 0 | 68d32974-320d-4495-88be-fe70bfa7c8f3 | 
2022-11-24T02:11:14Z | notes/Session 016.md | SyncInstruction(CSYNC_INSTRUCTION_NEW) | OCC::SyncFileItem::Up | | 1650885538 | 35831703a3b8a173d7bedd05f2fb3c22 | 1801 | 00100928ocrkyej2xnz2 | OCC::SyncFileItem::Success |  | 201 | 0 | 0 | 688627ce-9fd9-4504-bfec-bbcf4c326ac9 | 
2022-11-24T02:11:14Z | notes/Session 017.md | SyncInstruction(CSYNC_INSTRUCTION_NEW) | OCC::SyncFileItem::Up | | 1650885538 | 1ac15eb14aaaa567dbdf22ad63504836 | 1857 | 00100929ocrkyej2xnz2 | OCC::SyncFileItem::Success |  | 201 | 0 | 0 | 38bcecfd-45ec-4c19-a92e-32cc66a52360 | 
2022-11-24T02:11:15Z | notes/Session 018.md | SyncInstruction(CSYNC_INSTRUCTION_NEW) | OCC::SyncFileItem::Up | | 1650885538 | 484b093b50845f9b7f05d7418c4a96ad | 1857 | 00100930ocrkyej2xnz2 | OCC::SyncFileItem::Success |  | 201 | 0 | 0 | 11c3ef78-1dd3-44fb-9ed2-bd832719a0cd | 
2022-11-24T02:11:15Z | notes/Session 019.md | SyncInstruction(CSYNC_INSTRUCTION_NEW) | OCC::SyncFileItem::Up | | 1650885538 | 076c658462cc82d3e2324d5e1b1b8c00 | 1011 | 00100931ocrkyej2xnz2 | OCC::SyncFileItem::Success |  | 201 | 0 | 0 | 756f701d-a3a6-4ad9-990e-01d76819ed7b | 
2022-11-24T02:11:15Z | notes/Session 020.md | SyncInstruction(CSYNC_INSTRUCTION_NEW) | OCC::SyncFileItem::Up | | 1650885538 | a6e7e002d2cde84cb04cabaa37202269 | 2967 | 00100932ocrkyej2xnz2 | OCC::SyncFileItem::Success |  | 201 | 0 | 0 | 8179702b-ed50-471d-9681-519d5bb73b00 | 
2022-11-24T02:11:16Z | notes/Session 022.md | SyncInstruction(CSYNC_INSTRUCTION_NEW) | OCC::SyncFileItem::Up | | 1650885538 | ea6af1b557609f12337581900f0b927c | 2460 | 00100933ocrkyej2xnz2 | OCC::SyncFileItem::Success |  | 201 | 0 | 0 | bd6da1fd-4b6a-427d-8c7a-03c939f248f1 | 
2022-11-24T02:11:16Z | notes/Session 021 - Pet One Shot.md | SyncInstruction(CSYNC_INSTRUCTION_NEW) | OCC::SyncFileItem::Up | | 1650885538 | 5458590671b1cea7b40412833a92867d | 199 | 00100934ocrkyej2xnz2 | OCC::SyncFileItem::Success |  | 201 | 0 | 0 | 40bd7774-c4ef-40e5-be15-a4cd75a96bf2 | 
2022-11-24T02:11:17Z | notes/Session 023.md | SyncInstruction(CSYNC_INSTRUCTION_NEW) | OCC::SyncFileItem::Up | | 1650885538 | fcd129e0ea18aa9138cf5b93ad6e2bd4 | 4469 | 00100935ocrkyej2xnz2 | OCC::SyncFileItem::Success |  | 201 | 0 | 0 | 04afa71f-4884-410c-a280-30132ef40530 | 
2022-11-24T02:11:17Z | notes/Session 024.md | SyncInstruction(CSYNC_INSTRUCTION_NEW) | OCC::SyncFileItem::Up | | 1651651068 | c31c916e0376b64d0b6da4ffc613fa9b | 6615 | 00100936ocrkyej2xnz2 | OCC::SyncFileItem::Success |  | 201 | 0 | 0 | 0e80c646-ccb2-458b-a86c-632c931b1c57 | 
2022-11-24T02:11:18Z | notes/Session 025.md | SyncInstruction(CSYNC_INSTRUCTION_NEW) | OCC::SyncFileItem::Up | | 1653466280 | 66015da8f61abec1406b7a66813e9407 | 8212 | 00100937ocrkyej2xnz2 | OCC::SyncFileItem::Success |  | 201 | 0 | 0 | c5dd72c5-2ad0-48dc-baba-577644825e53 | 
2022-11-24T02:11:18Z | notes/Session 026.md | SyncInstruction(CSYNC_INSTRUCTION_NEW) | OCC::SyncFileItem::Up | | 1653478592 | 9fa5308fcae933c081fa8a16c81b0ecc | 10679 | 00100938ocrkyej2xnz2 | OCC::SyncFileItem::Success |  | 201 | 0 | 0 | ec020bff-3de8-4cec-8562-b27adc0667a1 | 
2022-11-24T02:11:19Z | notes/Session 027.md | SyncInstruction(CSYNC_INSTRUCTION_NEW) | OCC::SyncFileItem::Up | | 1656577668 | 8a58b8291795234d560a69bc69de6d5d | 10761 | 00100939ocrkyej2xnz2 | OCC::SyncFileItem::Success |  | 201 | 0 | 0 | 6164112a-d1aa-4f0b-9a54-5bc593f9460b | 
2022-11-24T02:11:19Z | notes/Session 028.md | SyncInstruction(CSYNC_INSTRUCTION_NEW) | OCC::SyncFileItem::Up | | 1656587408 | 799599ed87f08f8b88f288b27db0b88d | 7816 | 00100940ocrkyej2xnz2 | OCC::SyncFileItem::Success |  | 201 | 0 | 0 | 599470af-f1bb-46ef-99c2-f53bd219b0b2 | 
2022-11-24T02:11:19Z | notes/Session 029.md | SyncInstruction(CSYNC_INSTRUCTION_NEW) | OCC::SyncFileItem::Up | | 1662141104 | a3d4f0db64e06dd6867267bdea405947 | 3164 | 00100941ocrkyej2xnz2 | OCC::SyncFileItem::Success |  | 201 | 0 | 0 | dfb2f1db-35f5-4fa5-9fef-1e97c57fd021 | 
2022-11-24T02:11:20Z | notes/Smushey.md | SyncInstruction(CSYNC_INSTRUCTION_NEW) | OCC::SyncFileItem::Up | | 1650885538 | 7069a465eeceb7b961f354a3d8e59d71 | 385 | 00100942ocrkyej2xnz2 | OCC::SyncFileItem::Success |  | 201 | 0 | 0 | cd904043-5cb7-416e-94aa-3804c79dc3da | 
2022-11-24T02:11:20Z | notes/Shar.md | SyncInstruction(CSYNC_INSTRUCTION_NEW) | OCC::SyncFileItem::Up | | 1650885538 | 033cef089c5ade1592be2b1af6491a49 | 527 | 00100943ocrkyej2xnz2 | OCC::SyncFileItem::Success |  | 201 | 0 | 0 | e4e98d41-7967-4c86-8b84-4893372f56f1 | 
2022-11-24T02:11:21Z | notes/Steamship.md | SyncInstruction(CSYNC_INSTRUCTION_NEW) | OCC::SyncFileItem::Up | | 1655289344 | 38c43138bbd6893f863b1a0d26241f65 | 293 | 00100945ocrkyej2xnz2 | OCC::SyncFileItem::Success |  | 201 | 0 | 0 | caddc3fd-9e2b-4fdd-8152-c710fd12e6c4 | 
2022-11-24T02:11:20Z | notes/Spark.md | SyncInstruction(CSYNC_INSTRUCTION_NEW) | OCC::SyncFileItem::Up | | 1650885538 | 7416c0fc77c7553aea17e1263d4c6fec | 1639 | 00100944ocrkyej2xnz2 | OCC::SyncFileItem::Success |  | 201 | 0 | 0 | 5fe519cb-c21a-45cb-8196-c3914dc1f82d | 
2022-11-24T02:11:21Z | notes/Spell Restoring Ring.md | SyncInstruction(CSYNC_INSTRUCTION_NEW) | OCC::SyncFileItem::Up | | 1651660468 | 366f9e17e2cb6156e3be0202f4d11f10 | 238 | 00100946ocrkyej2xnz2 | OCC::SyncFileItem::Success |  | 201 | 0 | 0 | ef4d9335-e59d-4144-9ded-6873eb8c35d0 | 
2022-11-24T02:11:22Z | notes/Testing Facility.md | SyncInstruction(CSYNC_INSTRUCTION_NEW) | OCC::SyncFileItem::Up | | 1650885538 | 4c6efd79c2a01e1802224efb12965faa | 224 | 00100947ocrkyej2xnz2 | OCC::SyncFileItem::Success |  | 201 | 0 | 0 | 74152240-78d4-4020-b8be-5b8410c9be14 | 
2022-11-24T02:11:22Z | notes/Vyth.md | SyncInstruction(CSYNC_INSTRUCTION_NEW) | OCC::SyncFileItem::Up | | 1650885538 | 4e9dea4fb497c84a9f887883107bb4f6 | 230 | 00100948ocrkyej2xnz2 | OCC::SyncFileItem::Success |  | 201 | 0 | 0 | 3a51d0b8-a4e9-48da-ac3d-d44b9759e871 | 
2022-11-24T02:11:22Z | notes/Tree Of Dolls.md | SyncInstruction(CSYNC_INSTRUCTION_NEW) | OCC::SyncFileItem::Up | | 1650885538 | 0e251c7a20807c87d5d3970b7cc43628 | 323 | 00100949ocrkyej2xnz2 | OCC::SyncFileItem::Success |  | 201 | 0 | 0 | c9558b15-ec33-45f9-900d-8cd9dfaff450 | 
2022-11-24T02:11:23Z | notes/White Dragon.md | SyncInstruction(CSYNC_INSTRUCTION_NEW) | OCC::SyncFileItem::Up | | 1650885538 | 7d05ec7b38a98dc5caf9cd6aee50feb3 | 408 | 00100950ocrkyej2xnz2 | OCC::SyncFileItem::Success |  | 201 | 0 | 0 | 0600f3b3-2397-402f-b1d1-b08c4afd1b73 | 
2022-11-24T02:11:24Z | schema/sorting.json | SyncInstruction(CSYNC_INSTRUCTION_NEW) | OCC::SyncFileItem::Up | | 1650885538 | 612bbab1dd7e11fd4e5280bb9ad77033 | 724 | 00100951ocrkyej2xnz2 | OCC::SyncFileItem::Success |  | 201 | 0 | 0 | ff697c89-0870-4932-b148-7bd8f1645962 | 
2022-11-24T02:10:47Z | schema | SyncInstruction(CSYNC_INSTRUCTION_NEW) | OCC::SyncFileItem::Up | | 1661967751 |  | 4096 | 00100861ocrkyej2xnz2 | OCC::SyncFileItem::Success |  | 201 | 0 | 0 | 08c07756-6c32-4c4a-a192-bd53fa2c3f0b | 
2022-11-24T02:11:24Z | notes/Xardurok.md | SyncInstruction(CSYNC_INSTRUCTION_NEW) | OCC::SyncFileItem::Up | | 1650885538 | 99cf8b787f84e1b265eeceb30b12b8bd | 252 | 00100952ocrkyej2xnz2 | OCC::SyncFileItem::Success |  | 201 | 0 | 0 | a2b3b279-11f0-4d96-aaed-39f8c087aa69 | 
2022-11-24T02:10:45Z | notes | SyncInstruction(CSYNC_INSTRUCTION_NEW) | OCC::SyncFileItem::Up | | 1667845512 |  | 4096 | 00100858ocrkyej2xnz2 | OCC::SyncFileItem::Success |  | 201 | 0 | 0 | 028395b9-58b3-4485-a0e0-8a843e3debc1 | 
2022-11-24T02:11:26Z | src/NoteFactory.php | SyncInstruction(CSYNC_INSTRUCTION_NEW) | OCC::SyncFileItem::Up | | 1650885538 | 0ea463578ff58a758069f0bf600df812 | 576 | 00100957ocrkyej2xnz2 | OCC::SyncFileItem::Success |  | 201 | 0 | 0 | 5f566618-f9bc-4b07-9fd7-9c5a4f0d9b6b | 
2022-11-24T02:11:26Z | src/Note.php | SyncInstruction(CSYNC_INSTRUCTION_NEW) | OCC::SyncFileItem::Up | | 1650885538 | a24a53e2904e43d854d142dc92c6ff06 | 666 | 00100958ocrkyej2xnz2 | OCC::SyncFileItem::Success |  | 201 | 0 | 0 | 8e4b2efd-9efa-4f19-bf4a-1bfdde6e0afe | 
2022-11-24T02:11:27Z | src/NoteFactoryInterface.php | SyncInstruction(CSYNC_INSTRUCTION_NEW) | OCC::SyncFileItem::Up | | 1650885538 | 5208cc9d3c1ab98a8e5e4a362bc42316 | 145 | 00100959ocrkyej2xnz2 | OCC::SyncFileItem::Success |  | 201 | 0 | 0 | 0e6c6e9c-3e95-48b0-a6ad-d141ba6d15ee | 
2022-11-24T02:11:28Z | src/Category/Category.php | SyncInstruction(CSYNC_INSTRUCTION_NEW) | OCC::SyncFileItem::Up | | 1650885538 | 5cdef5611c6d75f8c2ccbc9a520ec3f6 | 2800 | 00100962ocrkyej2xnz2 | OCC::SyncFileItem::Success |  | 201 | 0 | 0 | 3da67f11-8eba-4287-8eb6-34a0cd7d15a3 | 
2022-11-24T02:11:28Z | src/Category/CategoryBuilder.php | SyncInstruction(CSYNC_INSTRUCTION_NEW) | OCC::SyncFileItem::Up | | 1650885538 | 9691f452b43624f20753a10520e848ee | 1798 | 00100963ocrkyej2xnz2 | OCC::SyncFileItem::Success |  | 201 | 0 | 0 | 59de1126-1a2b-4834-afab-234217144683 | 
2022-11-24T02:11:28Z | src/Category/NodeInterface.php | SyncInstruction(CSYNC_INSTRUCTION_NEW) | OCC::SyncFileItem::Up | | 1650885538 | 1fda9ae286650db493324a9f69b7f9e8 | 186 | 00100964ocrkyej2xnz2 | OCC::SyncFileItem::Success |  | 201 | 0 | 0 | 4ec71477-a9fa-4020-85e9-ab70da61e6ab | 
2022-11-24T02:11:29Z | src/Category/ParentNodeInterface.php | SyncInstruction(CSYNC_INSTRUCTION_NEW) | OCC::SyncFileItem::Up | | 1650885538 | e6e1ec0c11da0be63d2cec40d1b6ea86 | 290 | 00100965ocrkyej2xnz2 | OCC::SyncFileItem::Success |  | 201 | 0 | 0 | fa105113-d9f2-4e1a-923a-d2ec68e7d550 | 
2022-11-24T02:11:30Z | src/FrontMatter/FrontMatterExtractor.php | SyncInstruction(CSYNC_INSTRUCTION_NEW) | OCC::SyncFileItem::Up | | 1650885538 | 14d3e158c24447ad554ef3511ac18d22 | 842 | 00100966ocrkyej2xnz2 | OCC::SyncFileItem::Success |  | 201 | 0 | 0 | 059bf588-fd49-4b43-83d9-d8553a808edd | 
2022-11-24T02:11:30Z | src/FrontMatter/FrontMatter.php | SyncInstruction(CSYNC_INSTRUCTION_NEW) | OCC::SyncFileItem::Up | | 1650885538 | 56f240f8ff9429691c621df829c46301 | 330 | 00100967ocrkyej2xnz2 | OCC::SyncFileItem::Success |  | 201 | 0 | 0 | 8ed4f829-80f4-4f7c-acab-f37039bee9b9 | 
2022-11-24T02:11:30Z | src/FrontMatter/FrontMatterExtractorInterface.php | SyncInstruction(CSYNC_INSTRUCTION_NEW) | OCC::SyncFileItem::Up | | 1650885538 | 15ac08c9e94b4ca8d047ce9eeed275db | 197 | 00100968ocrkyej2xnz2 | OCC::SyncFileItem::Success |  | 201 | 0 | 0 | ba6fd1a5-5d11-42b7-9c18-86d56765f5e7 | 
2022-11-24T02:11:25Z | src/FrontMatter | SyncInstruction(CSYNC_INSTRUCTION_NEW) | OCC::SyncFileItem::Up | | 1661967751 |  | 4096 | 00100954ocrkyej2xnz2 | OCC::SyncFileItem::Success |  | 201 | 0 | 0 | 8792f1db-b5bb-4101-bab2-2c5125237167 | 
2022-11-24T02:11:30Z | src/Category/Path/LongestPathGenerator.php | SyncInstruction(CSYNC_INSTRUCTION_NEW) | OCC::SyncFileItem::Up | | 1650885538 | 8dd68aa9b69dfc812e5e9e1f4514fa54 | 798 | 00100969ocrkyej2xnz2 | OCC::SyncFileItem::Success |  | 201 | 0 | 0 | 7f654224-d187-4e94-b92f-2fc183b94c64 | 
2022-11-24T02:11:31Z | src/Category/Path/PathGeneratorInterface.php | SyncInstruction(CSYNC_INSTRUCTION_NEW) | OCC::SyncFileItem::Up | | 1650885538 | e8b13823414a0fd720ca1a4cbf37e3be | 209 | 00100970ocrkyej2xnz2 | OCC::SyncFileItem::Success |  | 201 | 0 | 0 | 16db5094-6676-4359-960d-2f9fe6cbd91e | 
2022-11-24T02:11:27Z | src/Category/Path | SyncInstruction(CSYNC_INSTRUCTION_NEW) | OCC::SyncFileItem::Up | | 1661967751 |  | 4096 | 00100960ocrkyej2xnz2 | OCC::SyncFileItem::Success |  | 201 | 0 | 0 | d43d7282-d7da-483c-b76c-9af6c69571bd | 
2022-11-24T02:11:31Z | src/Category/Renderer/MarkdownRenderer.php | SyncInstruction(CSYNC_INSTRUCTION_NEW) | OCC::SyncFileItem::Up | | 1650885538 | 12cd1525711fcbe537100899f4eea45f | 3175 | 00100971ocrkyej2xnz2 | OCC::SyncFileItem::Success |  | 201 | 0 | 0 | 3ea38fa7-75dc-4201-b43d-7004cf00b9db | 
2022-11-24T02:11:32Z | src/Category/Renderer/RendererInterface.php | SyncInstruction(CSYNC_INSTRUCTION_NEW) | OCC::SyncFileItem::Up | | 1650885538 | c51b5e7b5533222141f0be661f0b2e82 | 209 | 00100972ocrkyej2xnz2 | OCC::SyncFileItem::Success |  | 201 | 0 | 0 | 0b26751d-413e-40cc-8d15-f59e09f430e9 | 
2022-11-24T02:11:28Z | src/Category/Renderer | SyncInstruction(CSYNC_INSTRUCTION_NEW) | OCC::SyncFileItem::Up | | 1661967751 |  | 4096 | 00100961ocrkyej2xnz2 | OCC::SyncFileItem::Success |  | 201 | 0 | 0 | c70b8812-bf6b-4432-9a65-f350bef0c387 | 
2022-11-24T02:11:24Z | src/Category | SyncInstruction(CSYNC_INSTRUCTION_NEW) | OCC::SyncFileItem::Up | | 1661967751 |  | 4096 | 00100953ocrkyej2xnz2 | OCC::SyncFileItem::Success |  | 201 | 0 | 0 | 6f4c4bf1-49f5-422b-a126-cd68c11b014f | 
2022-11-24T02:11:32Z | src/Sorter/Config.php | SyncInstruction(CSYNC_INSTRUCTION_NEW) | OCC::SyncFileItem::Up | | 1650885538 | 1a6cbb905cf65138453ba20eab04429f | 606 | 00100973ocrkyej2xnz2 | OCC::SyncFileItem::Success |  | 201 | 0 | 0 | 72c8ecfe-a260-410d-a013-239d4f456ee8 | 
2022-11-24T02:11:32Z | src/Sorter/Context.php | SyncInstruction(CSYNC_INSTRUCTION_NEW) | OCC::SyncFileItem::Up | | 1650885538 | 67dadeab6096f6daf8e823e8d4e7b4ac | 458 | 00100974ocrkyej2xnz2 | OCC::SyncFileItem::Success |  | 201 | 0 | 0 | aaf5dfe9-1e6f-436b-a97d-c36d72691994 | 
2022-11-24T02:11:33Z | src/Sorter/ConfigurableSorter.php | SyncInstruction(CSYNC_INSTRUCTION_NEW) | OCC::SyncFileItem::Up | | 1650885538 | 88a6721064e5a3150b92d21f3a19f2e3 | 2144 | 00100975ocrkyej2xnz2 | OCC::SyncFileItem::Success |  | 201 | 0 | 0 | 760cf58c-e915-4456-ad39-8728c977e47b | 
2022-11-24T02:11:33Z | src/Sorter/SortableInterface.php | SyncInstruction(CSYNC_INSTRUCTION_NEW) | OCC::SyncFileItem::Up | | 1650885538 | 0853002cf09a6adbe56aaca46f71c4b9 | 217 | 00100976ocrkyej2xnz2 | OCC::SyncFileItem::Success |  | 201 | 0 | 0 | 14641bb8-dd01-4f56-9d67-362354451ab2 | 
2022-11-24T02:11:33Z | src/Sorter/ContextInterface.php | SyncInstruction(CSYNC_INSTRUCTION_NEW) | OCC::SyncFileItem::Up | | 1650885538 | 3e94a1ff0cdd7f4f3285a2498bae7c96 | 273 | 00100977ocrkyej2xnz2 | OCC::SyncFileItem::Success |  | 201 | 0 | 0 | 1bd56e17-dd1d-4085-931e-d0f18364cc4f | 
2022-11-24T02:11:34Z | src/Sorter/SorterInterface.php | SyncInstruction(CSYNC_INSTRUCTION_NEW) | OCC::SyncFileItem::Up | | 1650885538 | 3cccf96ebbd33f25144c54dd20835101 | 175 | 00100978ocrkyej2xnz2 | OCC::SyncFileItem::Success |  | 201 | 0 | 0 | 688cc47f-f9d3-4fe6-bd27-2eb7c1513f2e | 
2022-11-24T02:11:35Z | src/Validator/UniqueTagDepthValidator.php | SyncInstruction(CSYNC_INSTRUCTION_NEW) | OCC::SyncFileItem::Up | | 1650885538 | 98f4db2ee26ad4d99ff5ffa0290693a3 | 662 | 00100979ocrkyej2xnz2 | OCC::SyncFileItem::Success |  | 201 | 0 | 0 | 8dd10f0c-772e-48bd-95d7-925141521e34 | 
2022-11-24T02:11:35Z | src/Sorter/SortingDirection.php | SyncInstruction(CSYNC_INSTRUCTION_NEW) | OCC::SyncFileItem::Up | | 1650885538 | 49a404b3bbb99d41a702eea675ea3e20 | 161 | 00100980ocrkyej2xnz2 | OCC::SyncFileItem::Success |  | 201 | 0 | 0 | 00ae60a4-889a-4e49-99fa-9b5a179d749c | 
2022-11-24T02:11:35Z | src/Sorter/SortingProperty.php | SyncInstruction(CSYNC_INSTRUCTION_NEW) | OCC::SyncFileItem::Up | | 1650885538 | 541d0cfb9d4d78335423c2af1f58e326 | 126 | 00100981ocrkyej2xnz2 | OCC::SyncFileItem::Success |  | 201 | 0 | 0 | fe293f98-321b-4d11-92ed-3dc4313fec23 | 
2022-11-24T02:11:25Z | src/Sorter | SyncInstruction(CSYNC_INSTRUCTION_NEW) | OCC::SyncFileItem::Up | | 1661967751 |  | 4096 | 00100955ocrkyej2xnz2 | OCC::SyncFileItem::Success |  | 201 | 0 | 0 | 0496e5f2-815e-42d9-9842-2787575e0baf | 
2022-11-24T02:11:36Z | src/Validator/ValidatorInterface.php | SyncInstruction(CSYNC_INSTRUCTION_NEW) | OCC::SyncFileItem::Up | | 1650885538 | 12bb32dd1b5a5b10a0df2b44fa70101e | 182 | 00100982ocrkyej2xnz2 | OCC::SyncFileItem::Success |  | 201 | 0 | 0 | 34f5d1ab-4452-4942-98cc-55fcd047bed2 | 
2022-11-24T02:11:25Z | src/Validator | SyncInstruction(CSYNC_INSTRUCTION_NEW) | OCC::SyncFileItem::Up | | 1661967751 |  | 4096 | 00100956ocrkyej2xnz2 | OCC::SyncFileItem::Success |  | 201 | 0 | 0 | d5d7bc97-ca8a-491b-b25f-bac926de8b3f | 
2022-11-24T02:10:45Z | src | SyncInstruction(CSYNC_INSTRUCTION_NEW) | OCC::SyncFileItem::Up | | 1661967751 |  | 4096 | 00100859ocrkyej2xnz2 | OCC::SyncFileItem::Success |  | 201 | 0 | 0 | b5c8f1ff-afdd-41ce-858c-cfa623490984 | 
2022-11-24T02:11:36Z | CNAME | SyncInstruction(CSYNC_INSTRUCTION_NEW) | OCC::SyncFileItem::Up | | 1650885538 | b74dc0e015930a3abd8169ed7f98334c | 15 | 00100983ocrkyej2xnz2 | OCC::SyncFileItem::Success |  | 201 | 0 | 0 | 8466c6e9-fe41-4902-80ac-1b4dc443e98a | 
2022-11-24T02:11:37Z | Makefile | SyncInstruction(CSYNC_INSTRUCTION_NEW) | OCC::SyncFileItem::Up | | 1650885538 | fe046f84bed24e3c760a14cd7d124c05 | 433 | 00100984ocrkyej2xnz2 | OCC::SyncFileItem::Success |  | 201 | 0 | 0 | 13ae08a1-ac8c-41a0-b209-aa9dd137a8aa | 
2022-11-24T02:11:37Z | composer.json | SyncInstruction(CSYNC_INSTRUCTION_NEW) | OCC::SyncFileItem::Up | | 1650885538 | a361b6156a38204f0b9d7b5843e70d5e | 306 | 00100985ocrkyej2xnz2 | OCC::SyncFileItem::Success |  | 201 | 0 | 0 | 1e2cfdd5-d22f-4052-9c32-1cf21c37b121 | 
2022-11-24T02:11:38Z | composer.lock | SyncInstruction(CSYNC_INSTRUCTION_NEW) | OCC::SyncFileItem::Up | | 1650885538 | c7573a479fb96d9ce2d092e8a2078e84 | 28204 | 00100986ocrkyej2xnz2 | OCC::SyncFileItem::Success |  | 201 | 0 | 0 | 05c1a84a-857e-4e81-a47b-f07a13ed2c88 | 
2022-11-24T02:11:38Z | _config.yml | SyncInstruction(CSYNC_INSTRUCTION_NEW) | OCC::SyncFileItem::Up | | 1650885538 | ee10a6ee4c23ca23caf1006ea60dd157 | 27 | 00100987ocrkyej2xnz2 | OCC::SyncFileItem::Success |  | 201 | 0 | 0 | d13e9bbc-1206-43df-8586-cd8f7e5c9a2b | 
#=#=#=# Syncrun finished 2022-11-24T02:11:39Z (last step: 54790 msec , total: 55213 msec) 
#=#=#=# Syncrun started 2022-11-24T02:12:01Z
#=#=#=#=# Propagation starts 2022-11-24T02:12:05Z (last step: 3406 msec , total: 3406 msec) 
#=#=#=# Syncrun finished 2022-11-24T02:12:05Z (last step: 41 msec , total: 3447 msec) 
#=#=#=# Syncrun started 2022-11-24T02:12:13Z
#=#=#=#=# Propagation starts 2022-11-24T02:12:13Z (last step: 295 msec , total: 295 msec) 
#=#=#=# Syncrun finished 2022-11-24T02:12:13Z (last step: 19 msec , total: 314 msec) 
#=#=#=# Syncrun started 2022-11-24T04:12:18Z
#=#=#=#=# Propagation starts 2022-11-24T04:12:19Z (last step: 368 msec , total: 368 msec) 
#=#=#=# Syncrun finished 2022-11-24T04:12:19Z (last step: 18 msec , total: 387 msec) 
#=#=#=# Syncrun started 2022-11-24T06:12:23Z
#=#=#=#=# Propagation starts 2022-11-24T06:12:24Z (last step: 991 msec , total: 991 msec) 
#=#=#=# Syncrun finished 2022-11-24T06:12:24Z (last step: 19 msec , total: 1010 msec) 
#=#=#=# Syncrun started 2022-11-24T08:12:27Z
#=#=#=#=# Propagation starts 2022-11-24T08:12:28Z (last step: 476 msec , total: 476 msec) 
#=#=#=# Syncrun finished 2022-11-24T08:12:28Z (last step: 18 msec , total: 494 msec) 
#=#=#=# Syncrun started 2022-11-26T09:15:48Z
#=#=#=#=# Propagation starts 2022-11-26T09:15:49Z (last step: 675 msec , total: 675 msec) 
#=#=#=# Syncrun finished 2022-11-26T09:15:49Z (last step: 33 msec , total: 709 msec) 
#=#=#=# Syncrun started 2022-11-26T11:20:08Z
#=#=#=#=# Propagation starts 2022-11-26T11:20:09Z (last step: 818 msec , total: 818 msec) 
#=#=#=# Syncrun finished 2022-11-26T11:20:09Z (last step: 34 msec , total: 852 msec) 
#=#=#=# Syncrun started 2022-11-26T13:23:18Z
#=#=#=#=# Propagation starts 2022-11-26T13:23:19Z (last step: 641 msec , total: 641 msec) 
#=#=#=# Syncrun finished 2022-11-26T13:23:19Z (last step: 18 msec , total: 660 msec) 
#=#=#=# Syncrun started 2022-11-26T15:23:23Z
#=#=#=#=# Propagation starts 2022-11-26T15:23:24Z (last step: 650 msec , total: 650 msec) 
#=#=#=# Syncrun finished 2022-11-26T15:23:24Z (last step: 34 msec , total: 685 msec) 
#=#=#=# Syncrun started 2022-11-26T15:44:36Z
#=#=#=#=# Propagation starts 2022-11-26T15:44:37Z (last step: 615 msec , total: 615 msec) 
2022-11-26T15:44:38Z | .php81 | SyncInstruction(CSYNC_INSTRUCTION_NEW) | OCC::SyncFileItem::Up | | 1650885538 | f734f105f4752333dd6f06bda323b099 | 0 | 00101031ocrkyej2xnz2 | OCC::SyncFileItem::Success |  | 201 | 0 | 0 | bdd39294-a3ca-4d96-9ce8-2f8faf4f5aa3 | 
2022-11-26T15:44:38Z | .gitignore | SyncInstruction(CSYNC_INSTRUCTION_NEW) | OCC::SyncFileItem::Up | | 1650885538 | c1e375d9e6904dd362f04f4c7a71c8d6 | 28 | 00101032ocrkyej2xnz2 | OCC::SyncFileItem::Success |  | 201 | 0 | 0 | b4aeedd6-ae91-4c6d-9f7c-47ac9a513006 | 
2022-11-26T15:44:42Z | .git/hooks/applypatch-msg.sample | SyncInstruction(CSYNC_INSTRUCTION_NEW) | OCC::SyncFileItem::Up | | 1650885520 | 7553e90fa19c5de4a8d82f06a1975dc2 | 478 | 00101040ocrkyej2xnz2 | OCC::SyncFileItem::Success |  | 201 | 0 | 0 | 740a7807-c813-4396-b794-1e95ce748e85 | 
2022-11-26T15:44:42Z | .git/COMMIT_EDITMSG | SyncInstruction(CSYNC_INSTRUCTION_NEW) | OCC::SyncFileItem::Up | | 1658380072 | 9af6b964220f2316c5ab084836b881f8 | 411 | 00101039ocrkyej2xnz2 | OCC::SyncFileItem::Success |  | 201 | 0 | 0 | 675459e4-ca45-4a27-a4c9-308a3119ddf1 | 
2022-11-26T15:44:42Z | .git/hooks/commit-msg.sample | SyncInstruction(CSYNC_INSTRUCTION_NEW) | OCC::SyncFileItem::Up | | 1650885520 | f206de7c980a680c255acdce90608656 | 896 | 00101041ocrkyej2xnz2 | OCC::SyncFileItem::Success |  | 201 | 0 | 0 | 95712b82-1920-4d78-83f3-e0fe12b1ed44 | 
2022-11-26T15:44:42Z | .git/hooks/fsmonitor-watchman.sample | SyncInstruction(CSYNC_INSTRUCTION_NEW) | OCC::SyncFileItem::Up | | 1650885520 | b4ae63af5a0684a751dd29dd076b4432 | 4655 | 00101042ocrkyej2xnz2 | OCC::SyncFileItem::Success |  | 201 | 0 | 0 | f966eeab-9f19-4c4a-8c6d-d4c40091c860 | 
2022-11-26T15:44:42Z | .git/hooks/post-update.sample | SyncInstruction(CSYNC_INSTRUCTION_NEW) | OCC::SyncFileItem::Up | | 1650885520 | c5542205ed6671aa5c29806a28241346 | 189 | 00101043ocrkyej2xnz2 | OCC::SyncFileItem::Success |  | 201 | 0 | 0 | 44eff713-fa92-42cf-9ab7-647f344c5c92 | 
2022-11-26T15:44:43Z | .git/hooks/pre-applypatch.sample | SyncInstruction(CSYNC_INSTRUCTION_NEW) | OCC::SyncFileItem::Up | | 1650885520 | ac7f18e5ebb23cccffe9d493442bbaaa | 424 | 00101044ocrkyej2xnz2 | OCC::SyncFileItem::Success |  | 201 | 0 | 0 | 586a48ce-4ccf-47eb-955f-95a935ca4795 | 
2022-11-26T15:44:44Z | .git/hooks/pre-commit.sample | SyncInstruction(CSYNC_INSTRUCTION_NEW) | OCC::SyncFileItem::Up | | 1650885520 | 9a02aeb970eb23bb115c9d1146799538 | 1643 | 00101045ocrkyej2xnz2 | OCC::SyncFileItem::Success |  | 201 | 0 | 0 | 07292b61-b303-434d-8ca6-59007272d804 | 
2022-11-26T15:44:44Z | .git/hooks/pre-merge-commit.sample | SyncInstruction(CSYNC_INSTRUCTION_NEW) | OCC::SyncFileItem::Up | | 1650885520 | 563b17602ab0670b2f25d2fad31b7120 | 416 | 00101046ocrkyej2xnz2 | OCC::SyncFileItem::Success |  | 201 | 0 | 0 | 3df739a3-4a9b-47cd-9f29-c078957b0aba | 
2022-11-26T15:44:44Z | .git/hooks/pre-push.sample | SyncInstruction(CSYNC_INSTRUCTION_NEW) | OCC::SyncFileItem::Up | | 1650885520 | 97613e1317de46e9027ceed11dc0c219 | 1374 | 00101047ocrkyej2xnz2 | OCC::SyncFileItem::Success |  | 201 | 0 | 0 | 4dabe274-381b-4879-a0ca-42b896c115e3 | 
2022-11-26T15:44:45Z | .git/hooks/pre-rebase.sample | SyncInstruction(CSYNC_INSTRUCTION_NEW) | OCC::SyncFileItem::Up | | 1650885520 | 53db97865e17f8c24a3455ae7e2a9622 | 4898 | 00101048ocrkyej2xnz2 | OCC::SyncFileItem::Success |  | 201 | 0 | 0 | 2258a69d-9868-4721-9177-5aa070da06b3 | 
2022-11-26T15:44:45Z | .git/hooks/pre-receive.sample | SyncInstruction(CSYNC_INSTRUCTION_NEW) | OCC::SyncFileItem::Up | | 1650885520 | 08af00dc1d4e9a04f3530998b67be6fd | 544 | 00101049ocrkyej2xnz2 | OCC::SyncFileItem::Success |  | 201 | 0 | 0 | d68dfa49-effe-4f5b-8ec8-6bd4b62acebf | 
2022-11-26T15:44:45Z | .git/hooks/prepare-commit-msg.sample | SyncInstruction(CSYNC_INSTRUCTION_NEW) | OCC::SyncFileItem::Up | | 1650885520 | cc95eaf9767344778bc860d84c2a4705 | 1492 | 00101050ocrkyej2xnz2 | OCC::SyncFileItem::Success |  | 201 | 0 | 0 | d6bdf7a5-9a00-4dc9-8303-414692b1a4e0 | 
2022-11-26T15:44:47Z | .git/hooks/push-to-checkout.sample | SyncInstruction(CSYNC_INSTRUCTION_NEW) | OCC::SyncFileItem::Up | | 1650885520 | 555ca01f4db73fd9f0d973a54dfc9dde | 2783 | 00101051ocrkyej2xnz2 | OCC::SyncFileItem::Success |  | 201 | 0 | 0 | 1e3b6919-8b3b-4810-8c0c-8d7f3bce2dfd | 
2022-11-26T15:44:47Z | .git/hooks/update.sample | SyncInstruction(CSYNC_INSTRUCTION_NEW) | OCC::SyncFileItem::Up | | 1650885520 | 8bd28c083906da96f804abeefa215b3b | 3650 | 00101052ocrkyej2xnz2 | OCC::SyncFileItem::Success |  | 201 | 0 | 0 | b2fcb9fb-f00a-45e2-a1ae-5edf21b270b4 | 
2022-11-26T15:44:39Z | .git/hooks | SyncInstruction(CSYNC_INSTRUCTION_NEW) | OCC::SyncFileItem::Up | | 1661967751 |  | 4096 | 00101034ocrkyej2xnz2 | OCC::SyncFileItem::Success |  | 201 | 0 | 0 | 523ebcf4-5a37-403f-ae6b-a6c76a3717e3 | 
2022-11-26T15:44:47Z | .git/info/exclude | SyncInstruction(CSYNC_INSTRUCTION_NEW) | OCC::SyncFileItem::Up | | 1650885520 | ae36ee8a036fabc2b92a923cd1fb40e5 | 240 | 00101053ocrkyej2xnz2 | OCC::SyncFileItem::Success |  | 201 | 0 | 0 | 3cb6f26a-a128-43b1-a59c-5bd8bc7ff299 | 
2022-11-26T15:44:39Z | .git/info | SyncInstruction(CSYNC_INSTRUCTION_NEW) | OCC::SyncFileItem::Up | | 1661967751 |  | 4096 | 00101035ocrkyej2xnz2 | OCC::SyncFileItem::Success |  | 201 | 0 | 0 | 55a76282-361b-44d4-bcab-83b2f38eb6ab | 
2022-11-26T15:44:47Z | .git/logs/HEAD | SyncInstruction(CSYNC_INSTRUCTION_NEW) | OCC::SyncFileItem::Up | | 1658380072 | 799870b88b0efe6725f83d445ac5513f | 1294 | 00101055ocrkyej2xnz2 | OCC::SyncFileItem::Success |  | 201 | 0 | 0 | 7d00b826-255d-4a03-8491-5ce75a7fc394 | 
2022-11-26T15:44:52Z | .git/objects/06/e72b1bc02d5f92b61ecabc669b6975708dae3c | SyncInstruction(CSYNC_INSTRUCTION_NEW) | OCC::SyncFileItem::Up | | 1653478000 | 25899b25bbcc933c083d6beb288d8f68 | 205 | 00101063ocrkyej2xnz2 | OCC::SyncFileItem::Success |  | 201 | 0 | 0 | 686b454f-f367-4158-bf70-0fa18cca658b | 
2022-11-26T15:44:52Z | .git/objects/06/ce77a6014424a1f8d5fe9ca23f7e0f056605f7 | SyncInstruction(CSYNC_INSTRUCTION_NEW) | OCC::SyncFileItem::Up | | 1653478000 | ccfbdaede00cb0e350a321453bf1ea00 | 147 | 00101064ocrkyej2xnz2 | OCC::SyncFileItem::Success |  | 201 | 0 | 0 | 58a9d0b0-9ad0-4290-b1af-9aea32bc439e | 
2022-11-26T15:44:47Z | .git/objects/06 | SyncInstruction(CSYNC_INSTRUCTION_NEW) | OCC::SyncFileItem::Up | | 1661967751 |  | 4096 | 00101056ocrkyej2xnz2 | OCC::SyncFileItem::Success |  | 201 | 0 | 0 | bd3d573b-0b59-4f51-89d8-bff8eea06c1b | 
2022-11-26T15:44:52Z | .git/objects/0c/ee777818a8f5adf340e33a2e6e81d7f5415400 | SyncInstruction(CSYNC_INSTRUCTION_NEW) | OCC::SyncFileItem::Up | | 1651662834 | fe6d5cba2b8b2781785e0e69eab99f87 | 162 | 00101065ocrkyej2xnz2 | OCC::SyncFileItem::Success |  | 201 | 0 | 0 | 0f69d771-ea35-4ccb-922f-5384f99b2677 | 
2022-11-26T15:44:49Z | .git/objects/0c | SyncInstruction(CSYNC_INSTRUCTION_NEW) | OCC::SyncFileItem::Up | | 1661967751 |  | 4096 | 00101057ocrkyej2xnz2 | OCC::SyncFileItem::Success |  | 201 | 0 | 0 | 1a2c4b90-9e4b-4bc3-b41d-e3b4cdfacb2c | 
2022-11-26T15:44:53Z | .git/objects/15/16c71f020d00213eda82ce9d7e2829469bdd2b | SyncInstruction(CSYNC_INSTRUCTION_NEW) | OCC::SyncFileItem::Up | | 1658380046 | 5738cd4b23f164edf9879b5ec82da164 | 2381 | 00101066ocrkyej2xnz2 | OCC::SyncFileItem::Success |  | 201 | 0 | 0 | 71afc175-e569-4bb9-8fe9-3f30dc2110fe | 
2022-11-26T15:44:53Z | .git/logs/refs/heads/master | SyncInstruction(CSYNC_INSTRUCTION_NEW) | OCC::SyncFileItem::Up | | 1658380072 | 7fc63f1fac7847ba85bcd18da118e00b | 1294 | 00101067ocrkyej2xnz2 | OCC::SyncFileItem::Success |  | 201 | 0 | 0 | f91e348a-4038-43e7-83b8-3b6da9559a85 | 
2022-11-26T15:44:50Z | .git/logs/refs/heads | SyncInstruction(CSYNC_INSTRUCTION_NEW) | OCC::SyncFileItem::Up | | 1661967751 |  | 4096 | 00101061ocrkyej2xnz2 | OCC::SyncFileItem::Success |  | 201 | 0 | 0 | 9b177988-2b83-41f0-832d-8227fc21b961 | 
2022-11-26T15:44:54Z | .git/objects/15/d8119534a68c7dc14e57ede4003a165783ac5d | SyncInstruction(CSYNC_INSTRUCTION_NEW) | OCC::SyncFileItem::Up | | 1653478008 | 24f203b2541b884f120ead56adb5e0e2 | 2236 | 00101069ocrkyej2xnz2 | OCC::SyncFileItem::Success |  | 201 | 0 | 0 | bcdcba78-748c-40b6-8e17-d50eed46d885 | 
2022-11-26T15:44:49Z | .git/objects/15 | SyncInstruction(CSYNC_INSTRUCTION_NEW) | OCC::SyncFileItem::Up | | 1661967751 |  | 4096 | 00101058ocrkyej2xnz2 | OCC::SyncFileItem::Success |  | 201 | 0 | 0 | 39158f55-19be-45bd-a2e1-427f4964bbfc | 
2022-11-26T15:44:54Z | .git/objects/17/2f0f4e52267c6bb700802651677268b0ed1d47 | SyncInstruction(CSYNC_INSTRUCTION_NEW) | OCC::SyncFileItem::Up | | 1653478000 | 9c3963a03f3ab24ce844f3aa72c2ff56 | 307 | 00101070ocrkyej2xnz2 | OCC::SyncFileItem::Success |  | 201 | 0 | 0 | b404e849-975f-413a-bcf4-650dd11bc19d | 
2022-11-26T15:44:50Z | .git/objects/17 | SyncInstruction(CSYNC_INSTRUCTION_NEW) | OCC::SyncFileItem::Up | | 1661967751 |  | 4096 | 00101059ocrkyej2xnz2 | OCC::SyncFileItem::Success |  | 201 | 0 | 0 | 7453cd02-ae95-4aff-95f2-767c61f04c87 | 
2022-11-26T15:44:55Z | .git/objects/27/e206951aab2de72f837a97f9f42f709339747a | SyncInstruction(CSYNC_INSTRUCTION_NEW) | OCC::SyncFileItem::Up | | 1658380050 | 2315cdc3ba0e7d118f929ceffb8094c9 | 2346 | 00101071ocrkyej2xnz2 | OCC::SyncFileItem::Success |  | 201 | 0 | 0 | 2064f585-ee37-4551-bac4-db561cf7abd5 | 
2022-11-26T15:44:50Z | .git/objects/27 | SyncInstruction(CSYNC_INSTRUCTION_NEW) | OCC::SyncFileItem::Up | | 1661967751 |  | 4096 | 00101060ocrkyej2xnz2 | OCC::SyncFileItem::Success |  | 201 | 0 | 0 | 7cd319c6-ecf1-49fa-9af1-6551b9d6db12 | 
2022-11-26T15:44:56Z | .git/logs/refs/remotes/origin/HEAD | SyncInstruction(CSYNC_INSTRUCTION_NEW) | OCC::SyncFileItem::Up | | 1650885538 | a89b26bc1be2098226735e18d3bbcc7c | 172 | 00101074ocrkyej2xnz2 | OCC::SyncFileItem::Success |  | 201 | 0 | 0 | 263ca697-3c94-421b-81b5-785d7dd18f68 | 
2022-11-26T15:44:56Z | .git/logs/refs/remotes/origin/master | SyncInstruction(CSYNC_INSTRUCTION_NEW) | OCC::SyncFileItem::Up | | 1658380084 | a410886e9715e30e79e86de317f256a5 | 446 | 00101075ocrkyej2xnz2 | OCC::SyncFileItem::Success |  | 201 | 0 | 0 | e841db07-916b-4e76-b29d-de7d99933a97 | 
2022-11-26T15:44:53Z | .git/logs/refs/remotes/origin | SyncInstruction(CSYNC_INSTRUCTION_NEW) | OCC::SyncFileItem::Up | | 1661967751 |  | 4096 | 00101068ocrkyej2xnz2 | OCC::SyncFileItem::Success |  | 201 | 0 | 0 | 7726f5ec-bf3e-4d75-acb4-994e4d52aed8 | 
2022-11-26T15:44:50Z | .git/logs/refs/remotes | SyncInstruction(CSYNC_INSTRUCTION_NEW) | OCC::SyncFileItem::Up | | 1661967751 |  | 4096 | 00101062ocrkyej2xnz2 | OCC::SyncFileItem::Success |  | 201 | 0 | 0 | 911c8318-5e19-47fb-b5d9-1623501c7198 | 
2022-11-26T15:44:47Z | .git/logs/refs | SyncInstruction(CSYNC_INSTRUCTION_NEW) | OCC::SyncFileItem::Up | | 1661967751 |  | 4096 | 00101054ocrkyej2xnz2 | OCC::SyncFileItem::Success |  | 201 | 0 | 0 | 7c6548d5-4105-4b7d-aadc-9749826fa200 | 
2022-11-26T15:44:39Z | .git/logs | SyncInstruction(CSYNC_INSTRUCTION_NEW) | OCC::SyncFileItem::Up | | 1661967751 |  | 4096 | 00101036ocrkyej2xnz2 | OCC::SyncFileItem::Success |  | 201 | 0 | 0 | dbaba3f6-8704-473e-b5cb-6508e6727b8b | 
2022-11-26T15:44:58Z | .git/objects/29/bc564645220a7571377fcdb7b43ecf509203ff | SyncInstruction(CSYNC_INSTRUCTION_NEW) | OCC::SyncFileItem::Up | | 1655295516 | 0b39d3273e4adae1647b489d470e3734 | 2316 | 00101080ocrkyej2xnz2 | OCC::SyncFileItem::Success |  | 201 | 0 | 0 | 7e7a57c6-23a9-48dc-8019-982c474d1f70 | 
2022-11-26T15:44:55Z | .git/objects/29 | SyncInstruction(CSYNC_INSTRUCTION_NEW) | OCC::SyncFileItem::Up | | 1661967751 |  | 4096 | 00101072ocrkyej2xnz2 | OCC::SyncFileItem::Success |  | 201 | 0 | 0 | 991b5b22-d456-4af8-94cf-1656714cf7bc | 
2022-11-26T15:44:59Z | .git/objects/33/165fe099d3496fe4cb44fba7a5c5f5b9dafce3 | SyncInstruction(CSYNC_INSTRUCTION_NEW) | OCC::SyncFileItem::Up | | 1653478000 | a66e59e234d9c2484dde8862b79c8747 | 137 | 00101081ocrkyej2xnz2 | OCC::SyncFileItem::Success |  | 201 | 0 | 0 | 57dd1387-7417-4a2b-b72d-7090edd2db33 | 
2022-11-26T15:44:55Z | .git/objects/33 | SyncInstruction(CSYNC_INSTRUCTION_NEW) | OCC::SyncFileItem::Up | | 1661967751 |  | 4096 | 00101073ocrkyej2xnz2 | OCC::SyncFileItem::Success |  | 201 | 0 | 0 | 648ae634-9168-46d1-9805-c2b405cf26f7 | 
2022-11-26T15:45:00Z | .git/objects/37/2f4f81538d39ea4b3e67cb55f8a67b102dca76 | SyncInstruction(CSYNC_INSTRUCTION_NEW) | OCC::SyncFileItem::Up | | 1651662690 | 7b2a65acd07ba18b79cb858e202f525d | 3816 | 00101084ocrkyej2xnz2 | OCC::SyncFileItem::Success |  | 201 | 0 | 0 | b0bfabba-eaed-493b-afd5-9bb0009d85a6 | 
2022-11-26T15:44:57Z | .git/objects/37 | SyncInstruction(CSYNC_INSTRUCTION_NEW) | OCC::SyncFileItem::Up | | 1661967751 |  | 4096 | 00101076ocrkyej2xnz2 | OCC::SyncFileItem::Success |  | 201 | 0 | 0 | 5827cda8-ac20-40d1-910a-f733296d1577 | 
2022-11-26T15:45:00Z | .git/objects/3a/911b3cb045699d08436c86533e741eb7087f77 | SyncInstruction(CSYNC_INSTRUCTION_NEW) | OCC::SyncFileItem::Up | | 1651662698 | e11e310af1940b5697ad3fdadf59346d | 2060 | 00101085ocrkyej2xnz2 | OCC::SyncFileItem::Success |  | 201 | 0 | 0 | fb1e3e59-2bd8-4909-b7cc-4ee4d59f10ad | 
2022-11-26T15:44:57Z | .git/objects/3a | SyncInstruction(CSYNC_INSTRUCTION_NEW) | OCC::SyncFileItem::Up | | 1661967751 |  | 4096 | 00101077ocrkyej2xnz2 | OCC::SyncFileItem::Success |  | 201 | 0 | 0 | 46304526-1798-4472-bdf9-814f2145073e | 
2022-11-26T15:45:01Z | .git/objects/4a/2604b6220289383cb8cdf1a6b4c8dde31b1811 | SyncInstruction(CSYNC_INSTRUCTION_NEW) | OCC::SyncFileItem::Up | | 1658380050 | f2ec3aec2d9a4a4343e0cdb87f8216b4 | 450 | 00101086ocrkyej2xnz2 | OCC::SyncFileItem::Success |  | 201 | 0 | 0 | 1c0a20ba-88fd-4eb7-b77d-b8ffe849dfbb | 
2022-11-26T15:44:58Z | .git/objects/4a | SyncInstruction(CSYNC_INSTRUCTION_NEW) | OCC::SyncFileItem::Up | | 1661967751 |  | 4096 | 00101078ocrkyej2xnz2 | OCC::SyncFileItem::Success |  | 201 | 0 | 0 | 03d0d32f-42b2-48c0-b5fe-ecb01e4a1388 | 
2022-11-26T15:45:01Z | .git/objects/4e/0012cc26856f031c3cb29da11feadb2b80a508 | SyncInstruction(CSYNC_INSTRUCTION_NEW) | OCC::SyncFileItem::Up | | 1655295512 | 18ecaec82c6a4ea1288161e68a59044a | 234 | 00101087ocrkyej2xnz2 | OCC::SyncFileItem::Success |  | 201 | 0 | 0 | 7935b759-0f92-42ae-b5fe-c2de208eb6d2 | 
2022-11-26T15:44:58Z | .git/objects/4e | SyncInstruction(CSYNC_INSTRUCTION_NEW) | OCC::SyncFileItem::Up | | 1661967751 |  | 4096 | 00101079ocrkyej2xnz2 | OCC::SyncFileItem::Success |  | 201 | 0 | 0 | 7c85dd7f-0c98-4746-93c2-f278c7c5b93f | 
2022-11-26T15:45:03Z | .git/objects/51/6d70cda161a31a9e4af2a026381fd7060a9b4f | SyncInstruction(CSYNC_INSTRUCTION_NEW) | OCC::SyncFileItem::Up | | 1658380046 | 7f7a1dec33ad116fe71c8efc3dbed316 | 5002 | 00101092ocrkyej2xnz2 | OCC::SyncFileItem::Success |  | 201 | 0 | 0 | 612b26d7-df6d-4877-afcd-f4ce330cb09a | 
2022-11-26T15:45:00Z | .git/objects/51 | SyncInstruction(CSYNC_INSTRUCTION_NEW) | OCC::SyncFileItem::Up | | 1661967751 |  | 4096 | 00101082ocrkyej2xnz2 | OCC::SyncFileItem::Success |  | 201 | 0 | 0 | 1eee3a14-22bd-45f1-8de9-c562977f9ca6 | 
2022-11-26T15:45:04Z | .git/objects/53/9032c68c0f64075cfa68c716f504fe80f3084f | SyncInstruction(CSYNC_INSTRUCTION_NEW) | OCC::SyncFileItem::Up | | 1651662690 | 5fd3bdf25582bccf8ff8ac63ef55c78a | 157 | 00101093ocrkyej2xnz2 | OCC::SyncFileItem::Success |  | 201 | 0 | 0 | 46ee8b5f-2743-46b1-bebd-c4098c435ba6 | 
2022-11-26T15:45:00Z | .git/objects/53 | SyncInstruction(CSYNC_INSTRUCTION_NEW) | OCC::SyncFileItem::Up | | 1661967751 |  | 4096 | 00101083ocrkyej2xnz2 | OCC::SyncFileItem::Success |  | 201 | 0 | 0 | f2dc19d9-d398-4619-9ae8-c3f0c486ede1 | 
2022-11-26T15:45:06Z | .git/objects/57/fc0311d52f652d4d3d586e386efde41b21a4c5 | SyncInstruction(CSYNC_INSTRUCTION_NEW) | OCC::SyncFileItem::Up | | 1655295534 | e11fae879b53ad7789a4650f4a39efee | 171 | 00101096ocrkyej2xnz2 | OCC::SyncFileItem::Success |  | 201 | 0 | 0 | 98dc04ef-f316-44e1-9c44-244ef9cf54bb | 
2022-11-26T15:45:02Z | .git/objects/57 | SyncInstruction(CSYNC_INSTRUCTION_NEW) | OCC::SyncFileItem::Up | | 1661967751 |  | 4096 | 00101088ocrkyej2xnz2 | OCC::SyncFileItem::Success |  | 201 | 0 | 0 | 4e2aaf79-31ff-4832-bfee-53e6ca14420c | 
2022-11-26T15:45:06Z | .git/objects/5c/1d365a0f4020e430ca857fcb69f28e33e9516d | SyncInstruction(CSYNC_INSTRUCTION_NEW) | OCC::SyncFileItem::Up | | 1653478692 | ac1fe58f791da830e00fe8df53bfdf19 | 2270 | 00101097ocrkyej2xnz2 | OCC::SyncFileItem::Success |  | 201 | 0 | 0 | de7216d7-05c3-464e-9777-0b3aef9d8e66 | 
2022-11-26T15:45:03Z | .git/objects/5c | SyncInstruction(CSYNC_INSTRUCTION_NEW) | OCC::SyncFileItem::Up | | 1661967751 |  | 4096 | 00101089ocrkyej2xnz2 | OCC::SyncFileItem::Success |  | 201 | 0 | 0 | 4cbc8a06-e365-4000-8883-b6e1fe232961 | 
2022-11-26T15:45:06Z | .git/objects/63/bb16ce9781f4bb96186420b0d6d1c57be4f706 | SyncInstruction(CSYNC_INSTRUCTION_NEW) | OCC::SyncFileItem::Up | | 1651743296 | 109fc31ab745a4905386243f8f6bbfbb | 2059 | 00101098ocrkyej2xnz2 | OCC::SyncFileItem::Success |  | 201 | 0 | 0 | 2d57dd88-0919-4b55-bf40-fed2c95c1d44 | 
2022-11-26T15:45:03Z | .git/objects/63 | SyncInstruction(CSYNC_INSTRUCTION_NEW) | OCC::SyncFileItem::Up | | 1661967751 |  | 4096 | 00101090ocrkyej2xnz2 | OCC::SyncFileItem::Success |  | 201 | 0 | 0 | 2ec9e08b-3918-4ca4-b8b1-518335864074 | 
2022-11-26T15:45:06Z | .git/objects/6a/0ff450ff2aad8310a57e10dc50896855b883a4 | SyncInstruction(CSYNC_INSTRUCTION_NEW) | OCC::SyncFileItem::Up | | 1658380072 | e76439a8c7ee495b67c161a692b889e5 | 169 | 00101099ocrkyej2xnz2 | OCC::SyncFileItem::Success |  | 201 | 0 | 0 | 2d7f5ee6-021b-4a2b-b63d-bd0916afcf83 | 
2022-11-26T15:45:03Z | .git/objects/6a | SyncInstruction(CSYNC_INSTRUCTION_NEW) | OCC::SyncFileItem::Up | | 1661967751 |  | 4096 | 00101091ocrkyej2xnz2 | OCC::SyncFileItem::Success |  | 201 | 0 | 0 | a3640f90-3e40-47a2-ba18-478406bb521b | 
2022-11-26T15:45:09Z | .git/objects/74/d237e788639feafe6a8450318e84ded9795fd0 | SyncInstruction(CSYNC_INSTRUCTION_NEW) | OCC::SyncFileItem::Up | | 1655295512 | 9858854c3c013e3c478e0e743dd7e5a5 | 4999 | 00101104ocrkyej2xnz2 | OCC::SyncFileItem::Success |  | 201 | 0 | 0 | 897a2f80-3947-44ff-b7fc-330eb83f0923 | 
2022-11-26T15:45:05Z | .git/objects/74 | SyncInstruction(CSYNC_INSTRUCTION_NEW) | OCC::SyncFileItem::Up | | 1661967751 |  | 4096 | 00101094ocrkyej2xnz2 | OCC::SyncFileItem::Success |  | 201 | 0 | 0 | f76b87de-aeae-4095-99db-d766e2a20883 | 
2022-11-26T15:45:09Z | .git/objects/79/498cfa9c96f2be5942168ee9f5ac5767f7a540 | SyncInstruction(CSYNC_INSTRUCTION_NEW) | OCC::SyncFileItem::Up | | 1653478692 | 14470664e8b6a743ad18fbd26fca82f2 | 4878 | 00101105ocrkyej2xnz2 | OCC::SyncFileItem::Success |  | 201 | 0 | 0 | ec10e2cd-3085-40db-ab58-288a6358fbb2 | 
2022-11-26T15:45:06Z | .git/objects/79 | SyncInstruction(CSYNC_INSTRUCTION_NEW) | OCC::SyncFileItem::Up | | 1661967751 |  | 4096 | 00101095ocrkyej2xnz2 | OCC::SyncFileItem::Success |  | 201 | 0 | 0 | 829a85b4-d59a-4d4e-86e8-8897897fbc8f | 
2022-11-26T15:45:11Z | .git/objects/7a/7b9d6df529a62704452b2377ef5e3cc66bc185 | SyncInstruction(CSYNC_INSTRUCTION_NEW) | OCC::SyncFileItem::Up | | 1653478000 | 708aa5419b7009cf02fb729137d8f5ce | 3817 | 00101108ocrkyej2xnz2 | OCC::SyncFileItem::Success |  | 201 | 0 | 0 | 7e0102fb-ba50-4cfa-84a7-c94b64495927 | 
2022-11-26T15:45:08Z | .git/objects/7a | SyncInstruction(CSYNC_INSTRUCTION_NEW) | OCC::SyncFileItem::Up | | 1661967751 |  | 4096 | 00101100ocrkyej2xnz2 | OCC::SyncFileItem::Success |  | 201 | 0 | 0 | 35ce1041-4071-463f-a47e-c84c971ebe85 | 
2022-11-26T15:45:11Z | .git/objects/7d/e0abf91a5ccf8a7776462951d32135b90ce691 | SyncInstruction(CSYNC_INSTRUCTION_NEW) | OCC::SyncFileItem::Up | | 1653478008 | 15a5727a1817cad590c12f74bf138fe9 | 450 | 00101109ocrkyej2xnz2 | OCC::SyncFileItem::Success |  | 201 | 0 | 0 | 6875e223-b713-4747-ac66-42704d36c88f | 
2022-11-26T15:45:08Z | .git/objects/7d | SyncInstruction(CSYNC_INSTRUCTION_NEW) | OCC::SyncFileItem::Up | | 1661967751 |  | 4096 | 00101101ocrkyej2xnz2 | OCC::SyncFileItem::Success |  | 201 | 0 | 0 | 15533703-3c4b-413a-b862-4963528075dc | 
2022-11-26T15:45:11Z | .git/objects/80/ca560a05569f7ec43b690b23876f00eaab92da | SyncInstruction(CSYNC_INSTRUCTION_NEW) | OCC::SyncFileItem::Up | | 1658380046 | 4c0e7eef13acafa08dd319f8df3b2fcb | 3699 | 00101110ocrkyej2xnz2 | OCC::SyncFileItem::Success |  | 201 | 0 | 0 | 9c08fcb5-1c98-4183-9ada-3a2ccb1d24ce | 
2022-11-26T15:45:09Z | .git/objects/80 | SyncInstruction(CSYNC_INSTRUCTION_NEW) | OCC::SyncFileItem::Up | | 1661967751 |  | 4096 | 00101103ocrkyej2xnz2 | OCC::SyncFileItem::Success |  | 201 | 0 | 0 | caadb7d4-227b-4e22-bed3-640f9328e2b2 | 
2022-11-26T15:45:12Z | .git/objects/7f/ee906520c11af45f9381e80c0ac8c1aa9c198c | SyncInstruction(CSYNC_INSTRUCTION_NEW) | OCC::SyncFileItem::Up | | 1651662690 | 94ce75c611d28d5ae8f4b90b9be1eb93 | 254 | 00101111ocrkyej2xnz2 | OCC::SyncFileItem::Success |  | 201 | 0 | 0 | 86aaba98-eea6-4ecb-948e-42d61314f941 | 
2022-11-26T15:45:08Z | .git/objects/7f | SyncInstruction(CSYNC_INSTRUCTION_NEW) | OCC::SyncFileItem::Up | | 1661967751 |  | 4096 | 00101102ocrkyej2xnz2 | OCC::SyncFileItem::Success |  | 201 | 0 | 0 | e0f2d85c-2d50-4937-8163-810edbb52e3c | 
2022-11-26T15:45:14Z | .git/objects/8a/983becc1fae3ea2eb94c9375638d6ef11fb0f9 | SyncInstruction(CSYNC_INSTRUCTION_NEW) | OCC::SyncFileItem::Up | | 1651662698 | 3244fc579ba8d713d92e7c52bcb6b871 | 449 | 00101116ocrkyej2xnz2 | OCC::SyncFileItem::Success |  | 201 | 0 | 0 | 85c7c78f-1379-44ce-b0ba-a7d17adfddee | 
2022-11-26T15:45:11Z | .git/objects/8a | SyncInstruction(CSYNC_INSTRUCTION_NEW) | OCC::SyncFileItem::Up | | 1661967751 |  | 4096 | 00101106ocrkyej2xnz2 | OCC::SyncFileItem::Success |  | 201 | 0 | 0 | bb45067a-affa-4abe-b703-7dd3e9ed3b40 | 
2022-11-26T15:45:14Z | .git/objects/8f/4908f726fff1bea4895de7df5846cde194b4d9 | SyncInstruction(CSYNC_INSTRUCTION_NEW) | OCC::SyncFileItem::Up | | 1653478708 | 6a024125fdf4fcbacb3f4c8d96d931bf | 166 | 00101117ocrkyej2xnz2 | OCC::SyncFileItem::Success |  | 201 | 0 | 0 | 92af362a-af50-4c24-a7ad-5f249bf257d0 | 
2022-11-26T15:45:11Z | .git/objects/8f | SyncInstruction(CSYNC_INSTRUCTION_NEW) | OCC::SyncFileItem::Up | | 1661967751 |  | 4096 | 00101107ocrkyej2xnz2 | OCC::SyncFileItem::Success |  | 201 | 0 | 0 | b28dd20c-d651-41c4-a0bb-ec9bb0773517 | 
2022-11-26T15:45:16Z | .git/objects/97/fac50ad542d86e3da955dfd365dda7661e605c | SyncInstruction(CSYNC_INSTRUCTION_NEW) | OCC::SyncFileItem::Up | | 1653478018 | 5669b5d2c6556ea4b6dcbe5adccce44a | 166 | 00101120ocrkyej2xnz2 | OCC::SyncFileItem::Success |  | 201 | 0 | 0 | 1b530c81-c120-4abd-aaa1-7e07c58cbde9 | 
2022-11-26T15:45:13Z | .git/objects/97 | SyncInstruction(CSYNC_INSTRUCTION_NEW) | OCC::SyncFileItem::Up | | 1661967751 |  | 4096 | 00101112ocrkyej2xnz2 | OCC::SyncFileItem::Success |  | 201 | 0 | 0 | 9f3deaf5-de16-4e7f-aa65-12ae8e9c1932 | 
 | .git/objects/c6 | SyncInstruction(CSYNC_INSTRUCTION_NEW) | OCC::SyncFileItem::Up | | 1661967751 |  | 4096 |  | OCC::SyncFileItem::FatalError | Operation canceled | 0 | 0 | 0 | 74e55e0e-a6ee-4760-b02e-c5d91e3101af | 
 | .git/objects/ce | SyncInstruction(CSYNC_INSTRUCTION_NEW) | OCC::SyncFileItem::Up | | 1661967751 |  | 4096 |  | OCC::SyncFileItem::FatalError | Operation canceled | 0 | 0 | 0 | 9d24b312-3fdd-4417-9c11-e87d5b2cbc83 | 
 | .git/objects/d0 | SyncInstruction(CSYNC_INSTRUCTION_NEW) | OCC::SyncFileItem::Up | | 1661967751 |  | 4096 |  | OCC::SyncFileItem::FatalError | Operation canceled | 0 | 0 | 0 | e9e35091-8945-4d32-83c8-b18a449c32bc | 
 | .git/objects/c9 | SyncInstruction(CSYNC_INSTRUCTION_NEW) | OCC::SyncFileItem::Up | | 1661967751 |  | 4096 |  | OCC::SyncFileItem::FatalError | Operation canceled | 0 | 0 | 0 | e6bbcdd7-1ad3-4f95-9d20-b6230729b79c | 
#=#=#=# Syncrun finished 2022-11-26T15:45:17Z (last step: 40400 msec , total: 41015 msec) 
#=#=#=# Syncrun started 2022-11-26T15:45:34Z
#=#=#=#=# Propagation starts 2022-11-26T15:45:45Z (last step: 10178 msec , total: 10178 msec) 
2022-11-26T15:45:45Z | .github/workflows/deploy.yml | SyncInstruction(CSYNC_INSTRUCTION_NEW) | OCC::SyncFileItem::Up | | 1650885538 | 683d43de3742b6f4aea0c84ac98e4b42 | 1037 | 00101136ocrkyej2xnz2 | OCC::SyncFileItem::Success |  | 201 | 0 | 0 | d26e2677-6aa5-4859-b0f5-05f8034d0ed5 | 
2022-11-26T15:45:46Z | .git/FETCH_HEAD | SyncInstruction(CSYNC_INSTRUCTION_NEW) | OCC::SyncFileItem::Up | | 1651743334 | caad66c620813c567dd1a461348ce8ef | 91 | 00101139ocrkyej2xnz2 | OCC::SyncFileItem::Success |  | 201 | 0 | 0 | 5b08158f-5dac-4591-a41a-f52559ab7ed8 | 
2022-11-26T15:45:46Z | .git/HEAD | SyncInstruction(CSYNC_INSTRUCTION_NEW) | OCC::SyncFileItem::Up | | 1650885538 | d83f5b33b72f29af3697a81a53aa80cf | 23 | 00101140ocrkyej2xnz2 | OCC::SyncFileItem::Success |  | 201 | 0 | 0 | d27c231e-e5b1-47b1-8f01-1c76d4386710 | 
2022-11-26T15:45:46Z | .git/config | SyncInstruction(CSYNC_INSTRUCTION_NEW) | OCC::SyncFileItem::Up | | 1650885538 | ef5c33b697f946ee30ed12c507ad1e10 | 262 | 00101141ocrkyej2xnz2 | OCC::SyncFileItem::Success |  | 201 | 0 | 0 | 0c743dd7-65ab-46fd-a59a-cb71332aa9fd | 
2022-11-26T15:45:48Z | .git/description | SyncInstruction(CSYNC_INSTRUCTION_NEW) | OCC::SyncFileItem::Up | | 1650885520 | 4ae26b9f74fadef64c3376ff207803cc | 73 | 00101142ocrkyej2xnz2 | OCC::SyncFileItem::Success |  | 201 | 0 | 0 | b6ecbcf6-616d-49be-867c-0047bc1dc18f | 
2022-11-26T15:45:48Z | .git/index | SyncInstruction(CSYNC_INSTRUCTION_NEW) | OCC::SyncFileItem::Up | | 1658380050 | ed1bfe3e70b6cc4d5e9c057a8016a76b | 11241 | 00101143ocrkyej2xnz2 | OCC::SyncFileItem::Success |  | 201 | 0 | 0 | b06783da-2293-402a-b522-2b3dbcfe0e98 | 
2022-11-26T15:45:48Z | .git/packed-refs | SyncInstruction(CSYNC_INSTRUCTION_NEW) | OCC::SyncFileItem::Up | | 1650885538 | 13b81c24c41619dc2e0cbd08ad92a5ec | 280 | 00101144ocrkyej2xnz2 | OCC::SyncFileItem::Success |  | 201 | 0 | 0 | e3e0a97b-dfa7-4e81-9074-95fa0c018a1d | 
2022-11-26T15:45:49Z | .git/objects/c4/437928d02a686777cd497a430f8ec1d4801d56 | SyncInstruction(CSYNC_INSTRUCTION_NEW) | OCC::SyncFileItem::Up | | 1655295512 | 6c6bfdf60578fe808e5e3d41b777e994 | 160 | 00101146ocrkyej2xnz2 | OCC::SyncFileItem::Success |  | 201 | 0 | 0 | 8de58a38-787f-4984-a18c-2d03fa9ebb78 | 
2022-11-26T15:45:48Z | .git/objects/c1/ee35605b3c535b04314f06c001d3fd5d7c8f4e | SyncInstruction(CSYNC_INSTRUCTION_NEW) | OCC::SyncFileItem::Up | | 1651743234 | 9c4643c7707331393bd75710ecff2721 | 219 | 00101145ocrkyej2xnz2 | OCC::SyncFileItem::Success |  | 201 | 0 | 0 | 41f44099-e0a0-4624-a179-54b0ba04ac6f | 
2022-11-26T15:45:49Z | .git/objects/c4/ac2bb7eae9aaaaf52990b7ae807917bc76965e | SyncInstruction(CSYNC_INSTRUCTION_NEW) | OCC::SyncFileItem::Up | | 1653478700 | 4b32ad61f1e975fd199646cf7aba3981 | 450 | 00101147ocrkyej2xnz2 | OCC::SyncFileItem::Success |  | 201 | 0 | 0 | d7d3d803-18cb-4352-9372-ce87767f42c5 | 
2022-11-26T15:45:51Z | .git/objects/c6/4677aae9670195475760423e8eb210db3dd99f | SyncInstruction(CSYNC_INSTRUCTION_NEW) | OCC::SyncFileItem::Up | | 1655295512 | 80e28cab55781aff2de3b9ddd95abbf2 | 2322 | 00101148ocrkyej2xnz2 | OCC::SyncFileItem::Success |  | 201 | 0 | 0 | 99ccd381-e9c9-4eeb-a2b2-cf871ec9d55d | 
2022-11-26T15:45:51Z | .git/objects/c9/d93e315b13ecc7bbb586723186cda1c63df602 | SyncInstruction(CSYNC_INSTRUCTION_NEW) | OCC::SyncFileItem::Up | | 1653478000 | dcf9ea95050adb4d3f76479a9057bfc6 | 2299 | 00101149ocrkyej2xnz2 | OCC::SyncFileItem::Success |  | 201 | 0 | 0 | 77ce4674-b84f-4eae-a30b-df091dfaa672 | 
2022-11-26T15:45:51Z | .git/objects/ce/37a6704e2745a7c3c97ed2e1276d65c58ccfde | SyncInstruction(CSYNC_INSTRUCTION_NEW) | OCC::SyncFileItem::Up | | 1653478000 | 23a75416a21ef4b0d0f41be9a6ace01a | 149 | 00101150ocrkyej2xnz2 | OCC::SyncFileItem::Success |  | 201 | 0 | 0 | 1a2eeb63-9152-4b61-95b4-c9a35b329141 | 
2022-11-26T15:45:54Z | .git/objects/d0/8c4cf60eac5e0b4e29cd5b31b76424bf85ef31 | SyncInstruction(CSYNC_INSTRUCTION_NEW) | OCC::SyncFileItem::Up | | 1653478000 | c708af77130a6001e558fd81d56f178b | 4861 | 00101157ocrkyej2xnz2 | OCC::SyncFileItem::Success |  | 201 | 0 | 0 | 5921e841-c0c2-4c68-ae0f-9fce37eadd1d | 
2022-11-26T15:45:51Z | .git/objects/d0 | SyncInstruction(CSYNC_INSTRUCTION_NEW) | OCC::SyncFileItem::Up | | 1661967751 |  | 4096 | 00101151ocrkyej2xnz2 | OCC::SyncFileItem::Success |  | 201 | 0 | 0 | ba4d6090-e13d-4855-bbd6-c6f3336126e4 | 
2022-11-26T15:45:54Z | .git/objects/d9/04aea6e40aec3818e1dd243481f1afc3551b78 | SyncInstruction(CSYNC_INSTRUCTION_NEW) | OCC::SyncFileItem::Up | | 1651664302 | fff733c29efeb4ab55558d41ffd4c5bf | 179 | 00101158ocrkyej2xnz2 | OCC::SyncFileItem::Success |  | 201 | 0 | 0 | dd04a629-3776-4722-ad76-6c1c4ec1f586 | 
2022-11-26T15:45:52Z | .git/objects/d9 | SyncInstruction(CSYNC_INSTRUCTION_NEW) | OCC::SyncFileItem::Up | | 1661967751 |  | 4096 | 00101153ocrkyej2xnz2 | OCC::SyncFileItem::Success |  | 201 | 0 | 0 | dc4936c5-6ef3-4c87-9bd1-805a71915837 | 
2022-11-26T15:45:54Z | .git/objects/d5/4a6826adf0fb9596dd9b27513da4f7f9393d53 | SyncInstruction(CSYNC_INSTRUCTION_NEW) | OCC::SyncFileItem::Up | | 1651743296 | 26d0c012000d985a621bd21b1debc207 | 450 | 00101159ocrkyej2xnz2 | OCC::SyncFileItem::Success |  | 201 | 0 | 0 | 64b53a4b-bc84-45a1-b774-db7b81c459af | 
2022-11-26T15:45:55Z | .git/objects/d5/b652300b4ee113fb72ba991d851301c28768f3 | SyncInstruction(CSYNC_INSTRUCTION_NEW) | OCC::SyncFileItem::Up | | 1653478000 | 100bb252d41b98d6c171fedf03b7a79d | 146 | 00101161ocrkyej2xnz2 | OCC::SyncFileItem::Success |  | 201 | 0 | 0 | 21e94ac4-af8d-40d1-9549-13b8120b7f57 | 
2022-11-26T15:45:51Z | .git/objects/d5 | SyncInstruction(CSYNC_INSTRUCTION_NEW) | OCC::SyncFileItem::Up | | 1661967751 |  | 4096 | 00101152ocrkyej2xnz2 | OCC::SyncFileItem::Success |  | 201 | 0 | 0 | c214d9ce-f049-412b-b372-1a40fe404ea7 | 
2022-11-26T15:45:56Z | .git/objects/db/e106f1631ade5314312ea38cd0fe9ccd4f19ff | SyncInstruction(CSYNC_INSTRUCTION_NEW) | OCC::SyncFileItem::Up | | 1651662690 | 35767c7a44dc0815fbc5ce6355db7f48 | 3225 | 00101162ocrkyej2xnz2 | OCC::SyncFileItem::Success |  | 201 | 0 | 0 | 5fb533f8-38fe-4959-9d4e-9a39c98f6647 | 
2022-11-26T15:45:53Z | .git/objects/db | SyncInstruction(CSYNC_INSTRUCTION_NEW) | OCC::SyncFileItem::Up | | 1661967751 |  | 4096 | 00101154ocrkyej2xnz2 | OCC::SyncFileItem::Success |  | 201 | 0 | 0 | a1cc7a7d-cc1c-43d7-a4df-689a788a077f | 
2022-11-26T15:45:57Z | .git/objects/e9/6a213e7ea2c162f7c28a4964bf262389e2ed54 | SyncInstruction(CSYNC_INSTRUCTION_NEW) | OCC::SyncFileItem::Up | | 1655295512 | 8cc80cb60bf654b5765180b5386a711b | 255 | 00101164ocrkyej2xnz2 | OCC::SyncFileItem::Success |  | 201 | 0 | 0 | 1e745fb3-3d9e-433e-949e-9b0adf7b834f | 
2022-11-26T15:45:53Z | .git/objects/e9 | SyncInstruction(CSYNC_INSTRUCTION_NEW) | OCC::SyncFileItem::Up | | 1661967751 |  | 4096 | 00101155ocrkyej2xnz2 | OCC::SyncFileItem::Success |  | 201 | 0 | 0 | 2ee60948-d611-49ab-bc91-96a7146e64b2 | 
2022-11-26T15:45:57Z | .git/objects/ea/0301ab368ab75a6e3a38f490bb83d309410c21 | SyncInstruction(CSYNC_INSTRUCTION_NEW) | OCC::SyncFileItem::Up | | 1651743296 | b435be99261ed8008c07f740b7dd8853 | 188 | 00101165ocrkyej2xnz2 | OCC::SyncFileItem::Success |  | 201 | 0 | 0 | 9994a2a3-69da-4bba-a0a2-8714f283a16f | 
2022-11-26T15:45:54Z | .git/objects/ea | SyncInstruction(CSYNC_INSTRUCTION_NEW) | OCC::SyncFileItem::Up | | 1661967751 |  | 4096 | 00101156ocrkyej2xnz2 | OCC::SyncFileItem::Success |  | 201 | 0 | 0 | 477e3576-b510-4a7a-a7a4-3b29a96c7b46 | 
2022-11-26T15:45:58Z | .git/refs/heads/master | SyncInstruction(CSYNC_INSTRUCTION_NEW) | OCC::SyncFileItem::Up | | 1658380072 | f2a51763ff846fa4c4786f8fb6ee8d01 | 41 | 00101167ocrkyej2xnz2 | OCC::SyncFileItem::Success |  | 201 | 0 | 0 | ea784c9e-9387-4f77-a217-ab091ced3f66 | 
2022-11-26T15:45:45Z | .git/refs/heads | SyncInstruction(CSYNC_INSTRUCTION_NEW) | OCC::SyncFileItem::Up | | 1661967751 |  | 4096 | 00101137ocrkyej2xnz2 | OCC::SyncFileItem::Success |  | 201 | 0 | 0 | 214fd83b-4baa-45a4-aaef-c1579d9bd227 | 
2022-11-26T15:45:59Z | .git/objects/f1/df7b3ea05c69fb426f6eda89138358fb334e06 | SyncInstruction(CSYNC_INSTRUCTION_NEW) | OCC::SyncFileItem::Up | | 1651662690 | c5206da6c49078c26d1d375fce9a7e0e | 182 | 00101169ocrkyej2xnz2 | OCC::SyncFileItem::Success |  | 201 | 0 | 0 | 86d6ef59-3e18-46b2-a06b-71a89ec7802c | 
2022-11-26T15:45:55Z | .git/objects/f1 | SyncInstruction(CSYNC_INSTRUCTION_NEW) | OCC::SyncFileItem::Up | | 1661967751 |  | 4096 | 00101160ocrkyej2xnz2 | OCC::SyncFileItem::Success |  | 201 | 0 | 0 | 0cf7eb2b-c433-455e-a995-f48531db8cd8 | 
2022-11-26T15:46:00Z | .git/objects/f8/0984ef0c51f016f24b6f420be4487188edc406 | SyncInstruction(CSYNC_INSTRUCTION_NEW) | OCC::SyncFileItem::Up | | 1653478000 | 8568279ada6d463cd9b83dac72c9617e | 238 | 00101170ocrkyej2xnz2 | OCC::SyncFileItem::Success |  | 201 | 0 | 0 | 26c7d113-1ac9-4719-a4d1-fb4bf75f7b2f | 
2022-11-26T15:45:56Z | .git/objects/f8 | SyncInstruction(CSYNC_INSTRUCTION_NEW) | OCC::SyncFileItem::Up | | 1661967751 |  | 4096 | 00101163ocrkyej2xnz2 | OCC::SyncFileItem::Success |  | 201 | 0 | 0 | d9363147-1def-477d-a166-50da049f6c9a | 
2022-11-26T15:46:00Z | .git/objects/pack/pack-1465afb1b85e01e360043fda5b7d79e683d7ee3e.idx | SyncInstruction(CSYNC_INSTRUCTION_NEW) | OCC::SyncFileItem::Up | | 1650885538 | c70255b7f76c1832bf06aeae6b9fe542 | 10088 | 00101171ocrkyej2xnz2 | OCC::SyncFileItem::Success |  | 201 | 0 | 0 | 0cb323b3-c40d-4b38-a73c-928f70a6486e | 
2022-11-26T15:46:01Z | .git/refs/remotes/origin/HEAD | SyncInstruction(CSYNC_INSTRUCTION_NEW) | OCC::SyncFileItem::Up | | 1650885538 | 01ea5c72c3abb240c91569bb03463718 | 32 | 00101172ocrkyej2xnz2 | OCC::SyncFileItem::Success |  | 201 | 0 | 0 | 1e3d91e0-18d1-4cb2-a047-4ebb19b9a921 | 
2022-11-26T15:46:02Z | .git/refs/remotes/origin/master | SyncInstruction(CSYNC_INSTRUCTION_NEW) | OCC::SyncFileItem::Up | | 1658380084 | a0cd8765c97410f028f1afdebefbca94 | 41 | 00101173ocrkyej2xnz2 | OCC::SyncFileItem::Success |  | 201 | 0 | 0 | bdac45ff-e0e7-420e-8018-ae35cc21198c | 
2022-11-26T15:45:59Z | .git/refs/remotes/origin | SyncInstruction(CSYNC_INSTRUCTION_NEW) | OCC::SyncFileItem::Up | | 1661967751 |  | 4096 | 00101168ocrkyej2xnz2 | OCC::SyncFileItem::Success |  | 201 | 0 | 0 | 9837bc3e-a814-4aa2-9fce-b6467b8da130 | 
2022-11-26T15:45:46Z | .git/refs/remotes | SyncInstruction(CSYNC_INSTRUCTION_NEW) | OCC::SyncFileItem::Up | | 1661967751 |  | 4096 | 00101138ocrkyej2xnz2 | OCC::SyncFileItem::Success |  | 201 | 0 | 0 | 57200c42-086e-4aa7-ab57-8f8c46eceebd | 
2022-11-26T15:46:03Z | .git/objects/pack/pack-1465afb1b85e01e360043fda5b7d79e683d7ee3e.pack | SyncInstruction(CSYNC_INSTRUCTION_NEW) | OCC::SyncFileItem::Up | | 1650885538 | 0df8a84ee9d79ac0031378c3dc1a7c2d | 5645155 | 00101174ocrkyej2xnz2 | OCC::SyncFileItem::Success |  | 201 | 0 | 0 | b9672963-a218-4819-b573-33729abe3020 | 
2022-11-26T15:45:58Z | .git/objects/pack | SyncInstruction(CSYNC_INSTRUCTION_NEW) | OCC::SyncFileItem::Up | | 1661967751 |  | 4096 | 00101166ocrkyej2xnz2 | OCC::SyncFileItem::Success |  | 201 | 0 | 0 | 1b6f26de-b8fc-4ee5-b668-a691d1ea7f5b | 
#=#=#=# Syncrun finished 2022-11-26T15:46:03Z (last step: 18328 msec , total: 28506 msec) 
#=#=#=# Syncrun started 2022-11-26T15:47:46Z
#=#=#=#=# Propagation starts 2022-11-26T15:47:52Z (last step: 5442 msec , total: 5442 msec) 
#=#=#=# Syncrun finished 2022-11-26T15:47:52Z (last step: 56 msec , total: 5499 msec) 
#=#=#=# Syncrun started 2022-11-26T15:52:57Z
#=#=#=#=# Propagation starts 2022-11-26T15:52:58Z (last step: 654 msec , total: 654 msec) 
#=#=#=# Syncrun finished 2022-11-26T15:52:58Z (last step: 7 msec , total: 662 msec) 
#=#=#=# Syncrun started 2022-11-27T10:47:13Z
#=#=#=#=# Propagation starts 2022-11-27T10:47:14Z (last step: 810 msec , total: 810 msec) 
#=#=#=# Syncrun finished 2022-11-27T10:47:14Z (last step: 7 msec , total: 817 msec) 
#=#=#=# Syncrun started 2022-11-28T15:58:24Z
#=#=#=#=# Propagation starts 2022-11-28T15:58:25Z (last step: 621 msec , total: 621 msec) 
#=#=#=# Syncrun finished 2022-11-28T15:58:25Z (last step: 7 msec , total: 628 msec) 
#=#=#=# Syncrun started 2022-11-29T17:43:16Z
#=#=#=#=# Propagation starts 2022-11-29T17:43:17Z (last step: 765 msec , total: 765 msec) 
#=#=#=# Syncrun finished 2022-11-29T17:43:17Z (last step: 8 msec , total: 773 msec) 
#=#=#=# Syncrun started 2022-12-02T15:10:26Z
#=#=#=#=# Propagation starts 2022-12-02T15:10:41Z (last step: 14185 msec , total: 14185 msec) 
#=#=#=# Syncrun finished 2022-12-02T15:10:41Z (last step: 176 msec , total: 14362 msec) 
#=#=#=# Syncrun started 2022-12-02T15:10:52Z
#=#=#=#=# Propagation starts 2022-12-02T15:10:53Z (last step: 312 msec , total: 312 msec) 
#=#=#=# Syncrun finished 2022-12-02T15:10:53Z (last step: 8 msec , total: 320 msec) 
#=#=#=# Syncrun started 2022-12-02T17:02:37Z
#=#=#=#=# Propagation starts 2022-12-02T17:02:37Z (last step: 340 msec , total: 340 msec) 
#=#=#=# Syncrun finished 2022-12-02T17:02:37Z (last step: 7 msec , total: 347 msec) 
#=#=#=# Syncrun started 2022-12-04T08:08:49Z
#=#=#=#=# Propagation starts 2022-12-04T08:08:50Z (last step: 958 msec , total: 958 msec) 
#=#=#=# Syncrun finished 2022-12-04T08:08:50Z (last step: 1 msec , total: 959 msec) 
#=#=#=# Syncrun started 2022-12-10T09:06:40Z
#=#=#=#=# Propagation starts 2022-12-10T09:06:41Z (last step: 885 msec , total: 885 msec) 
#=#=#=# Syncrun finished 2022-12-10T09:06:41Z (last step: 0 msec , total: 886 msec) 
#=#=#=# Syncrun started 2022-12-10T11:06:46Z
#=#=#=#=# Propagation starts 2022-12-10T11:06:47Z (last step: 642 msec , total: 642 msec) 
#=#=#=# Syncrun finished 2022-12-10T11:06:47Z (last step: 0 msec , total: 643 msec) 
#=#=#=# Syncrun started 2022-12-10T18:05:40Z
#=#=#=#=# Propagation starts 2022-12-10T18:05:41Z (last step: 586 msec , total: 586 msec) 
#=#=#=# Syncrun finished 2022-12-10T18:05:41Z (last step: 0 msec , total: 587 msec) 
#=#=#=# Syncrun started 2022-12-10T20:05:45Z
#=#=#=#=# Propagation starts 2022-12-10T20:05:45Z (last step: 330 msec , total: 330 msec) 
#=#=#=# Syncrun finished 2022-12-10T20:05:45Z (last step: 0 msec , total: 331 msec) 
#=#=#=# Syncrun started 2022-12-10T22:05:50Z
#=#=#=#=# Propagation starts 2022-12-10T22:05:51Z (last step: 947 msec , total: 947 msec) 
#=#=#=# Syncrun finished 2022-12-10T22:05:51Z (last step: 1 msec , total: 948 msec) 
#=#=#=# Syncrun started 2022-12-15T11:51:16Z
#=#=#=#=# Propagation starts 2022-12-15T11:51:17Z (last step: 536 msec , total: 536 msec) 
#=#=#=# Syncrun finished 2022-12-15T11:51:17Z (last step: 0 msec , total: 537 msec) 
#=#=#=# Syncrun started 2022-12-15T14:13:58Z
#=#=#=#=# Propagation starts 2022-12-15T14:13:59Z (last step: 489 msec , total: 489 msec) 
#=#=#=# Syncrun finished 2022-12-15T14:13:59Z (last step: 0 msec , total: 490 msec) 
